Using pre-set license
Built from '2020.3/staging' branch; Version is '2020.3.10f1 (297d780c91bc) revision 2719096'; Using compiler version '192528614'; Build Type 'Release'
OS: 'Windows 10 Pro; OS build 19042.1052; Version 2009; 64bit' Language: 'ru' Physical Memory: 8040 MB
BatchMode: 1, IsHumanControllingUs: 0, StartBugReporterOnCrash: 0, Is64bit: 1, IsPro: 0

 COMMAND LINE ARGUMENTS:
C:\Program Files\Unity\Hub\Editor\2020.3.10f1\Editor\Unity.exe
-adb2
-batchMode
-noUpm
-name
AssetImportWorker0
-projectPath
C:/Users/Artem/Drift Race
-logFile
Logs/AssetImportWorker0.log
-srvPort
58588
Successfully changed project path to: C:/Users/Artem/Drift Race
C:/Users/Artem/Drift Race
Using Asset Import Pipeline V2.
Refreshing native plugins compatible for Editor in 64.82 ms, found 2 plugins.
Preloading 0 native plugins for Editor in 0.00 ms.
Initialize engine version: 2020.3.10f1 (297d780c91bc)
[Subsystems] Discovering subsystems at path C:/Program Files/Unity/Hub/Editor/2020.3.10f1/Editor/Data/Resources/UnitySubsystems
[Subsystems] Discovering subsystems at path C:/Users/Artem/Drift Race/Assets
GfxDevice: creating device client; threaded=0
Direct3D:
    Version:  Direct3D 11.0 [level 11.1]
    Renderer: NVIDIA GeForce MX230 (ID=0x1d11)
    Vendor:   
    VRAM:     1984 MB
    Driver:   27.21.14.6172
Shader 'LightingEffects/Car/Specular_Cubemap_Color': fallback shader 'MobileSpecular' not found
Initialize mono
Mono path[0] = 'C:/Program Files/Unity/Hub/Editor/2020.3.10f1/Editor/Data/Managed'
Mono path[1] = 'C:/Program Files/Unity/Hub/Editor/2020.3.10f1/Editor/Data/MonoBleedingEdge/lib/mono/unityjit'
Mono config path = 'C:/Program Files/Unity/Hub/Editor/2020.3.10f1/Editor/Data/MonoBleedingEdge/etc'
Using monoOptions --debugger-agent=transport=dt_socket,embedding=1,server=y,suspend=n,address=127.0.0.1:56224
Begin MonoManager ReloadAssembly
Registering precompiled unity dll's ...
Register platform support module: C:/Program Files/Unity/Hub/Editor/2020.3.10f1/Editor/Data/PlaybackEngines/WindowsStandaloneSupport/UnityEditor.WindowsStandalone.Extensions.dll
Registered in 0.004744 seconds.
Native extension for WindowsStandalone target not found
Refreshing native plugins compatible for Editor in 51.16 ms, found 2 plugins.
Preloading 0 native plugins for Editor in 0.00 ms.
Mono: successfully reloaded assembly
- Completed reload, in  5.712 seconds
Platform modules already initialized, skipping
Registering precompiled user dll's ...
Registered in 0.016366 seconds.
Begin MonoManager ReloadAssembly
Native extension for WindowsStandalone target not found
Refreshing native plugins compatible for Editor in 0.55 ms, found 2 plugins.
Preloading 0 native plugins for Editor in 0.00 ms.
Mono: successfully reloaded assembly
- Completed reload, in  1.215 seconds
Platform modules already initialized, skipping
========================================================================
Worker process is ready to serve import requests
Shader 'LightingEffects/Car/Specular_Cubemap_Color': fallback shader 'MobileSpecular' not found
Launched and connected shader compiler UnityShaderCompiler.exe after 0.05 seconds
Refreshing native plugins compatible for Editor in 0.73 ms, found 2 plugins.
Preloading 0 native plugins for Editor in 0.00 ms.
Unloading 1654 Unused Serialized files (Serialized files now loaded: 0)
System memory in use before: 111.7 MB.
System memory in use after: 111.6 MB.

Unloading 32 unused Assets to reduce memory usage. Loaded Objects now: 2114.
Total: 2.397900 ms (FindLiveObjects: 0.198400 ms CreateObjectMapping: 0.055300 ms MarkObjects: 1.867300 ms  DeleteObjects: 0.275900 ms)

========================================================================
Received Import Request.
  path: Assets/Script/Menu/InfoCar.cs
  artifactKey: Guid(a4f03dda9fba562499cd27fd81363b29) Importer(815301076,1909f56bfc062723c751e8b465ee728b)
Start importing Assets/Script/Menu/InfoCar.cs using Guid(a4f03dda9fba562499cd27fd81363b29) Importer(815301076,1909f56bfc062723c751e8b465ee728b)  -> (artifact id: '0be5cea341d720385d10c589bb5d5307') in 0.050660 seconds
  Import took 0.056640 seconds .

========================================================================
Received Import Request.
  Time since last request: 1409.168668 seconds.
  path: Assets/Script/Game/New Folder
  artifactKey: Guid(4ba056ed275cf04489f48b2c006c0c32) Importer(815301076,1909f56bfc062723c751e8b465ee728b)
Start importing Assets/Script/Game/New Folder using Guid(4ba056ed275cf04489f48b2c006c0c32) Importer(815301076,1909f56bfc062723c751e8b465ee728b)  -> (artifact id: '5cbc3eacf672162fa6c311256ef92a1e') in 0.008689 seconds
  Import took 0.016758 seconds .

========================================================================
Received Import Request.
  Time since last request: 16.263873 seconds.
  path: Assets/Script/Game/AddMoney.cs
  artifactKey: Guid(5e9350820ece4294d95b67508271794d) Importer(815301076,1909f56bfc062723c751e8b465ee728b)
Start importing Assets/Script/Game/AddMoney.cs using Guid(5e9350820ece4294d95b67508271794d) Importer(815301076,1909f56bfc062723c751e8b465ee728b)  -> (artifact id: '8fe84c28ae298c3003f399e45c2345ff') in 0.007173 seconds
  Import took 0.012729 seconds .

========================================================================
Received Prepare
Registering precompiled user dll's ...
Registered in 0.004926 seconds.
Begin MonoManager ReloadAssembly
Native extension for WindowsStandalone target not found
Refreshing native plugins compatible for Editor in 0.89 ms, found 2 plugins.
Preloading 0 native plugins for Editor in 0.00 ms.
Mono: successfully reloaded assembly
- Completed reload, in 11.070 seconds
Platform modules already initialized, skipping
Switching build target platform(19) subTarget(0) extendedPlatform(0) -> platform(13) subTarget(537395200) extendedPlatform(0)
Shader 'LightingEffects/Car/Specular_Cubemap_Color': fallback shader 'MobileSpecular' not found
Refreshing native plugins compatible for Editor in 0.75 ms, found 2 plugins.
Preloading 0 native plugins for Editor in 0.00 ms.
Unloading 1564 Unused Serialized files (Serialized files now loaded: 0)
System memory in use before: 99.1 MB.
System memory in use after: 99.0 MB.

Unloading 27 unused Assets to reduce memory usage. Loaded Objects now: 2118.
Total: 2.852600 ms (FindLiveObjects: 0.217300 ms CreateObjectMapping: 0.071400 ms MarkObjects: 2.246500 ms  DeleteObjects: 0.315900 ms)

AssetImportParameters requested are different than current active one (requested -> active):
  custom:graphics/normal-map-encoding: 01000000000000000000000000000000 -> 02000000000000000000000000000000
========================================================================
Received Import Request.
  Time since last request: 42.755727 seconds.
  path: Assets/Script/Game/ControlUi.cs
  artifactKey: Guid(356fd56dadade474f973aea00dca031d) Importer(815301076,1909f56bfc062723c751e8b465ee728b)
Start importing Assets/Script/Game/ControlUi.cs using Guid(356fd56dadade474f973aea00dca031d) Importer(815301076,1909f56bfc062723c751e8b465ee728b)  -> (artifact id: '3384dfe8e71b230ac49f89c5cf12916c') in 0.018542 seconds
  Import took 0.025450 seconds .

========================================================================
Received Import Request.
  Time since last request: 12.796844 seconds.
  path: Assets/Script/Extreme Drift/Scripts/GUI/MainMenu.cs
  artifactKey: Guid(0c283649f9023fe439f8baad5c6502cf) Importer(815301076,1909f56bfc062723c751e8b465ee728b)
Start importing Assets/Script/Extreme Drift/Scripts/GUI/MainMenu.cs using Guid(0c283649f9023fe439f8baad5c6502cf) Importer(815301076,1909f56bfc062723c751e8b465ee728b)  -> (artifact id: '605f02f217945eec08930d2204b1fbcf') in 0.012934 seconds
  Import took 0.017397 seconds .

========================================================================
Received Import Request.
  Time since last request: 0.003876 seconds.
  path: Assets/Script/Extreme Drift/Scripts/GUI/MainMenu.cs
  artifactKey: Guid(0c283649f9023fe439f8baad5c6502cf) Importer(815301076,1909f56bfc062723c751e8b465ee728b)
Start importing Assets/Script/Extreme Drift/Scripts/GUI/MainMenu.cs using Guid(0c283649f9023fe439f8baad5c6502cf) Importer(815301076,1909f56bfc062723c751e8b465ee728b)  -> (artifact id: '605f02f217945eec08930d2204b1fbcf') in 0.002953 seconds
  Import took 0.009239 seconds .

========================================================================
Received Prepare
Registering precompiled user dll's ...
Registered in 0.008957 seconds.
Begin MonoManager ReloadAssembly
Native extension for WindowsStandalone target not found
Refreshing native plugins compatible for Editor in 0.56 ms, found 2 plugins.
Preloading 0 native plugins for Editor in 0.00 ms.
Mono: successfully reloaded assembly
- Completed reload, in  1.186 seconds
Platform modules already initialized, skipping
Switching build target platform(19) subTarget(0) extendedPlatform(0) -> platform(13) subTarget(537395200) extendedPlatform(0)
Shader 'LightingEffects/Car/Specular_Cubemap_Color': fallback shader 'MobileSpecular' not found
Refreshing native plugins compatible for Editor in 0.58 ms, found 2 plugins.
Preloading 0 native plugins for Editor in 0.00 ms.
Unloading 1564 Unused Serialized files (Serialized files now loaded: 0)
System memory in use before: 99.1 MB.
System memory in use after: 99.0 MB.

Unloading 27 unused Assets to reduce memory usage. Loaded Objects now: 2121.
Total: 2.562500 ms (FindLiveObjects: 0.206700 ms CreateObjectMapping: 0.065900 ms MarkObjects: 2.001800 ms  DeleteObjects: 0.287000 ms)

AssetImportParameters requested are different than current active one (requested -> active):
  custom:graphics/normal-map-encoding: 01000000000000000000000000000000 -> 02000000000000000000000000000000
========================================================================
Received Import Request.
  Time since last request: 209.019277 seconds.
  path: Assets/Script/Game/AddMoney.cs
  artifactKey: Guid(5e9350820ece4294d95b67508271794d) Importer(815301076,1909f56bfc062723c751e8b465ee728b)
Start importing Assets/Script/Game/AddMoney.cs using Guid(5e9350820ece4294d95b67508271794d) Importer(815301076,1909f56bfc062723c751e8b465ee728b)  -> (artifact id: '900af30a8a99326fa252235a1869ca8d') in 0.004742 seconds
  Import took 0.008198 seconds .

========================================================================
Received Prepare
Registering precompiled user dll's ...
Registered in 0.008010 seconds.
Begin MonoManager ReloadAssembly
Native extension for WindowsStandalone target not found
Refreshing native plugins compatible for Editor in 0.73 ms, found 2 plugins.
Preloading 0 native plugins for Editor in 0.00 ms.
Mono: successfully reloaded assembly
- Completed reload, in  1.244 seconds
Platform modules already initialized, skipping
Switching build target platform(19) subTarget(0) extendedPlatform(0) -> platform(13) subTarget(537395200) extendedPlatform(0)
Shader 'LightingEffects/Car/Specular_Cubemap_Color': fallback shader 'MobileSpecular' not found
Refreshing native plugins compatible for Editor in 0.71 ms, found 2 plugins.
Preloading 0 native plugins for Editor in 0.00 ms.
Unloading 1564 Unused Serialized files (Serialized files now loaded: 0)
System memory in use before: 99.1 MB.
System memory in use after: 99.0 MB.

Unloading 27 unused Assets to reduce memory usage. Loaded Objects now: 2124.
Total: 4.904500 ms (FindLiveObjects: 0.712900 ms CreateObjectMapping: 0.534000 ms MarkObjects: 3.401100 ms  DeleteObjects: 0.254500 ms)

AssetImportParameters requested are different than current active one (requested -> active):
  custom:graphics/normal-map-encoding: 01000000000000000000000000000000 -> 02000000000000000000000000000000
========================================================================
Received Import Request.
  Time since last request: 614.923708 seconds.
  path: Assets/Script/Game/AddMoney.cs
  artifactKey: Guid(5e9350820ece4294d95b67508271794d) Importer(815301076,1909f56bfc062723c751e8b465ee728b)
Start importing Assets/Script/Game/AddMoney.cs using Guid(5e9350820ece4294d95b67508271794d) Importer(815301076,1909f56bfc062723c751e8b465ee728b)  -> (artifact id: '823c0aba40042616b3b34666f8d6bdff') in 0.016215 seconds
  Import took 0.022996 seconds .

========================================================================
Received Prepare
Registering precompiled user dll's ...
Registered in 0.004778 seconds.
Begin MonoManager ReloadAssembly
Native extension for WindowsStandalone target not found
Refreshing native plugins compatible for Editor in 0.61 ms, found 2 plugins.
Preloading 0 native plugins for Editor in 0.00 ms.
Mono: successfully reloaded assembly
- Completed reload, in  1.329 seconds
Platform modules already initialized, skipping
Switching build target platform(19) subTarget(0) extendedPlatform(0) -> platform(13) subTarget(537395200) extendedPlatform(0)
Shader 'LightingEffects/Car/Specular_Cubemap_Color': fallback shader 'MobileSpecular' not found
Refreshing native plugins compatible for Editor in 1.16 ms, found 2 plugins.
Preloading 0 native plugins for Editor in 0.00 ms.
Unloading 1564 Unused Serialized files (Serialized files now loaded: 0)
System memory in use before: 99.1 MB.
System memory in use after: 99.0 MB.

Unloading 27 unused Assets to reduce memory usage. Loaded Objects now: 2127.
Total: 2.231600 ms (FindLiveObjects: 0.174400 ms CreateObjectMapping: 0.054700 ms MarkObjects: 1.718500 ms  DeleteObjects: 0.283100 ms)

AssetImportParameters requested are different than current active one (requested -> active):
  custom:graphics/normal-map-encoding: 01000000000000000000000000000000 -> 02000000000000000000000000000000
========================================================================
Received Import Request.
  Time since last request: 30.730427 seconds.
  path: Assets/Script/Game/AddMoney.cs
  artifactKey: Guid(5e9350820ece4294d95b67508271794d) Importer(815301076,1909f56bfc062723c751e8b465ee728b)
Start importing Assets/Script/Game/AddMoney.cs using Guid(5e9350820ece4294d95b67508271794d) Importer(815301076,1909f56bfc062723c751e8b465ee728b)  -> (artifact id: 'a194d52ce50304a00a505132ce857bbc') in 0.010276 seconds
  Import took 0.015231 seconds .

========================================================================
Received Prepare
Registering precompiled user dll's ...
Registered in 0.009472 seconds.
Begin MonoManager ReloadAssembly
Native extension for WindowsStandalone target not found
Refreshing native plugins compatible for Editor in 0.68 ms, found 2 plugins.
Preloading 0 native plugins for Editor in 0.00 ms.
Mono: successfully reloaded assembly
- Completed reload, in  1.574 seconds
Platform modules already initialized, skipping
Switching build target platform(19) subTarget(0) extendedPlatform(0) -> platform(13) subTarget(537395200) extendedPlatform(0)
Shader 'LightingEffects/Car/Specular_Cubemap_Color': fallback shader 'MobileSpecular' not found
Refreshing native plugins compatible for Editor in 0.78 ms, found 2 plugins.
Preloading 0 native plugins for Editor in 0.00 ms.
Unloading 1564 Unused Serialized files (Serialized files now loaded: 0)
System memory in use before: 99.1 MB.
System memory in use after: 99.0 MB.

Unloading 27 unused Assets to reduce memory usage. Loaded Objects now: 2130.
Total: 4.761500 ms (FindLiveObjects: 0.211900 ms CreateObjectMapping: 0.063900 ms MarkObjects: 4.110900 ms  DeleteObjects: 0.373200 ms)

AssetImportParameters requested are different than current active one (requested -> active):
  custom:graphics/normal-map-encoding: 01000000000000000000000000000000 -> 02000000000000000000000000000000
========================================================================
Received Import Request.
  Time since last request: 13.229907 seconds.
  path: Assets/Script/Game/AddMoney.cs
  artifactKey: Guid(5e9350820ece4294d95b67508271794d) Importer(815301076,1909f56bfc062723c751e8b465ee728b)
Start importing Assets/Script/Game/AddMoney.cs using Guid(5e9350820ece4294d95b67508271794d) Importer(815301076,1909f56bfc062723c751e8b465ee728b)  -> (artifact id: '9bed54a0828fadfaf2e52412cc2fdd47') in 0.005707 seconds
  Import took 0.010834 seconds .

========================================================================
Received Import Request.
  Time since last request: 1.658413 seconds.
  path: Assets/Script/Game/AddMoney.cs
  artifactKey: Guid(5e9350820ece4294d95b67508271794d) Importer(815301076,1909f56bfc062723c751e8b465ee728b)
Start importing Assets/Script/Game/AddMoney.cs using Guid(5e9350820ece4294d95b67508271794d) Importer(815301076,1909f56bfc062723c751e8b465ee728b)  -> (artifact id: '9bed54a0828fadfaf2e52412cc2fdd47') in 0.002815 seconds
  Import took 0.006072 seconds .

========================================================================
Received Prepare
Registering precompiled user dll's ...
Registered in 0.006245 seconds.
Begin MonoManager ReloadAssembly
Native extension for WindowsStandalone target not found
Refreshing native plugins compatible for Editor in 1.81 ms, found 2 plugins.
Preloading 0 native plugins for Editor in 0.00 ms.
Mono: successfully reloaded assembly
- Completed reload, in  2.075 seconds
Platform modules already initialized, skipping
Switching build target platform(19) subTarget(0) extendedPlatform(0) -> platform(13) subTarget(537395200) extendedPlatform(0)
Shader 'LightingEffects/Car/Specular_Cubemap_Color': fallback shader 'MobileSpecular' not found
Refreshing native plugins compatible for Editor in 0.68 ms, found 2 plugins.
Preloading 0 native plugins for Editor in 0.00 ms.
Unloading 1564 Unused Serialized files (Serialized files now loaded: 0)
System memory in use before: 99.2 MB.
System memory in use after: 99.1 MB.

Unloading 27 unused Assets to reduce memory usage. Loaded Objects now: 2133.
Total: 7.004100 ms (FindLiveObjects: 0.195700 ms CreateObjectMapping: 0.053300 ms MarkObjects: 6.369600 ms  DeleteObjects: 0.383000 ms)

AssetImportParameters requested are different than current active one (requested -> active):
  custom:graphics/normal-map-encoding: 01000000000000000000000000000000 -> 02000000000000000000000000000000
========================================================================
Received Import Request.
  Time since last request: 286.640766 seconds.
  path: Assets/Script/Game/AddMoney.cs
  artifactKey: Guid(5e9350820ece4294d95b67508271794d) Importer(815301076,1909f56bfc062723c751e8b465ee728b)
Start importing Assets/Script/Game/AddMoney.cs using Guid(5e9350820ece4294d95b67508271794d) Importer(815301076,1909f56bfc062723c751e8b465ee728b)  -> (artifact id: 'd339b40bc262ed846ebf828330d8c0be') in 0.004872 seconds
  Import took 0.009876 seconds .

========================================================================
Received Import Request.
  Time since last request: 61.043233 seconds.
  path: Assets/Scenes/Level1.unity
  artifactKey: Guid(98232fe8dd827bb4ea1648de995c902c) Importer(815301076,1909f56bfc062723c751e8b465ee728b)
Start importing Assets/Scenes/Level1.unity using Guid(98232fe8dd827bb4ea1648de995c902c) Importer(815301076,1909f56bfc062723c751e8b465ee728b)  -> (artifact id: '67d871d11f30eec8876603ebff6a175f') in 0.168859 seconds
  Import took 0.176579 seconds .

========================================================================
Received Prepare
Registering precompiled user dll's ...
Registered in 0.009100 seconds.
Begin MonoManager ReloadAssembly
Native extension for WindowsStandalone target not found
Refreshing native plugins compatible for Editor in 0.68 ms, found 2 plugins.
Preloading 0 native plugins for Editor in 0.00 ms.
Mono: successfully reloaded assembly
- Completed reload, in  1.416 seconds
Platform modules already initialized, skipping
Switching build target platform(19) subTarget(0) extendedPlatform(0) -> platform(13) subTarget(537395200) extendedPlatform(0)
Shader 'LightingEffects/Car/Specular_Cubemap_Color': fallback shader 'MobileSpecular' not found
Refreshing native plugins compatible for Editor in 0.68 ms, found 2 plugins.
Preloading 0 native plugins for Editor in 0.00 ms.
Unloading 1564 Unused Serialized files (Serialized files now loaded: 0)
System memory in use before: 99.2 MB.
System memory in use after: 99.1 MB.

Unloading 27 unused Assets to reduce memory usage. Loaded Objects now: 2136.
Total: 2.931000 ms (FindLiveObjects: 0.221700 ms CreateObjectMapping: 0.086200 ms MarkObjects: 2.282400 ms  DeleteObjects: 0.339400 ms)

AssetImportParameters requested are different than current active one (requested -> active):
  custom:graphics/normal-map-encoding: 01000000000000000000000000000000 -> 02000000000000000000000000000000
========================================================================
Received Prepare
Registering precompiled user dll's ...
Registered in 0.004948 seconds.
Begin MonoManager ReloadAssembly
Native extension for WindowsStandalone target not found
Refreshing native plugins compatible for Editor in 0.85 ms, found 2 plugins.
Preloading 0 native plugins for Editor in 0.00 ms.
Mono: successfully reloaded assembly
- Completed reload, in  1.537 seconds
Platform modules already initialized, skipping
Switching build target platform(19) subTarget(0) extendedPlatform(0) -> platform(13) subTarget(537395200) extendedPlatform(0)
Shader 'LightingEffects/Car/Specular_Cubemap_Color': fallback shader 'MobileSpecular' not found
Refreshing native plugins compatible for Editor in 0.81 ms, found 2 plugins.
Preloading 0 native plugins for Editor in 0.00 ms.
Unloading 1564 Unused Serialized files (Serialized files now loaded: 0)
System memory in use before: 99.2 MB.
System memory in use after: 99.1 MB.

Unloading 27 unused Assets to reduce memory usage. Loaded Objects now: 2139.
Total: 6.172400 ms (FindLiveObjects: 0.642400 ms CreateObjectMapping: 0.330200 ms MarkObjects: 4.848800 ms  DeleteObjects: 0.348400 ms)

AssetImportParameters requested are different than current active one (requested -> active):
  custom:graphics/normal-map-encoding: 01000000000000000000000000000000 -> 02000000000000000000000000000000
========================================================================
Received Prepare
Registering precompiled user dll's ...
Registered in 0.016901 seconds.
Begin MonoManager ReloadAssembly
Native extension for WindowsStandalone target not found
Refreshing native plugins compatible for Editor in 0.60 ms, found 2 plugins.
Preloading 0 native plugins for Editor in 0.00 ms.
Mono: successfully reloaded assembly
- Completed reload, in  1.634 seconds
Platform modules already initialized, skipping
Switching build target platform(19) subTarget(0) extendedPlatform(0) -> platform(13) subTarget(537395200) extendedPlatform(0)
Shader 'LightingEffects/Car/Specular_Cubemap_Color': fallback shader 'MobileSpecular' not found
Refreshing native plugins compatible for Editor in 0.60 ms, found 2 plugins.
Preloading 0 native plugins for Editor in 0.00 ms.
Unloading 1564 Unused Serialized files (Serialized files now loaded: 0)
System memory in use before: 99.2 MB.
System memory in use after: 99.1 MB.

Unloading 27 unused Assets to reduce memory usage. Loaded Objects now: 2142.
Total: 5.601400 ms (FindLiveObjects: 0.158200 ms CreateObjectMapping: 0.092800 ms MarkObjects: 5.020500 ms  DeleteObjects: 0.328200 ms)

AssetImportParameters requested are different than current active one (requested -> active):
  custom:graphics/normal-map-encoding: 01000000000000000000000000000000 -> 02000000000000000000000000000000
========================================================================
Received Import Request.
  Time since last request: 36500.306480 seconds.
  path: Assets/Scenes/Level1.unity
  artifactKey: Guid(98232fe8dd827bb4ea1648de995c902c) Importer(815301076,1909f56bfc062723c751e8b465ee728b)
Start importing Assets/Scenes/Level1.unity using Guid(98232fe8dd827bb4ea1648de995c902c) Importer(815301076,1909f56bfc062723c751e8b465ee728b)  -> (artifact id: '4ba44a086df2f1524af2d2374d9d3ad1') in 0.671853 seconds
  Import took 0.747259 seconds .

========================================================================
Received Prepare
Registering precompiled user dll's ...
Registered in 0.792531 seconds.
Begin MonoManager ReloadAssembly
Native extension for WindowsStandalone target not found
Refreshing native plugins compatible for Editor in 0.93 ms, found 2 plugins.
Preloading 0 native plugins for Editor in 0.00 ms.
Mono: successfully reloaded assembly
- Completed reload, in 10.239 seconds
Platform modules already initialized, skipping
Switching build target platform(19) subTarget(0) extendedPlatform(0) -> platform(13) subTarget(537395200) extendedPlatform(0)
Shader 'LightingEffects/Car/Specular_Cubemap_Color': fallback shader 'MobileSpecular' not found
Refreshing native plugins compatible for Editor in 0.72 ms, found 2 plugins.
Preloading 0 native plugins for Editor in 0.00 ms.
Unloading 1564 Unused Serialized files (Serialized files now loaded: 0)
System memory in use before: 99.2 MB.
System memory in use after: 99.1 MB.

Unloading 27 unused Assets to reduce memory usage. Loaded Objects now: 2145.
Total: 9.788400 ms (FindLiveObjects: 0.758400 ms CreateObjectMapping: 0.091700 ms MarkObjects: 7.857100 ms  DeleteObjects: 1.077800 ms)

AssetImportParameters requested are different than current active one (requested -> active):
  custom:graphics/normal-map-encoding: 01000000000000000000000000000000 -> 02000000000000000000000000000000
AssetImportWorkerClient::OnTransportError - code=2 error=End of file
