Using pre-set license
Built from '2020.3/staging' branch; Version is '2020.3.10f1 (297d780c91bc) revision 2719096'; Using compiler version '192528614'; Build Type 'Release'
OS: 'Windows 10 Pro; OS build 19042.1052; Version 2009; 64bit' Language: 'ru' Physical Memory: 8040 MB
BatchMode: 1, IsHumanControllingUs: 0, StartBugReporterOnCrash: 0, Is64bit: 1, IsPro: 0

 COMMAND LINE ARGUMENTS:
C:\Program Files\Unity\Hub\Editor\2020.3.10f1\Editor\Unity.exe
-adb2
-batchMode
-noUpm
-name
AssetImportWorker0
-projectPath
C:/Users/Artem/Desktop/git/Actual/Project2
-logFile
Logs/AssetImportWorker0.log
-srvPort
58446
Successfully changed project path to: C:/Users/Artem/Desktop/git/Actual/Project2
C:/Users/Artem/Desktop/git/Actual/Project2
Using Asset Import Pipeline V2.
Refreshing native plugins compatible for Editor in 501.54 ms, found 2 plugins.
Preloading 0 native plugins for Editor in 0.00 ms.
Initialize engine version: 2020.3.10f1 (297d780c91bc)
[Subsystems] Discovering subsystems at path C:/Program Files/Unity/Hub/Editor/2020.3.10f1/Editor/Data/Resources/UnitySubsystems
[Subsystems] Discovering subsystems at path C:/Users/Artem/Desktop/git/Actual/Project2/Assets
GfxDevice: creating device client; threaded=0
Direct3D:
    Version:  Direct3D 11.0 [level 11.1]
    Renderer: NVIDIA GeForce MX230 (ID=0x1d11)
    Vendor:   
    VRAM:     1984 MB
    Driver:   27.21.14.6172
Shader 'LightingEffects/Car/Specular_Cubemap_Color': fallback shader 'MobileSpecular' not found
Initialize mono
Mono path[0] = 'C:/Program Files/Unity/Hub/Editor/2020.3.10f1/Editor/Data/Managed'
Mono path[1] = 'C:/Program Files/Unity/Hub/Editor/2020.3.10f1/Editor/Data/MonoBleedingEdge/lib/mono/unityjit'
Mono config path = 'C:/Program Files/Unity/Hub/Editor/2020.3.10f1/Editor/Data/MonoBleedingEdge/etc'
Using monoOptions --debugger-agent=transport=dt_socket,embedding=1,server=y,suspend=n,address=127.0.0.1:56820
Begin MonoManager ReloadAssembly
Registering precompiled unity dll's ...
Register platform support module: C:/Program Files/Unity/Hub/Editor/2020.3.10f1/Editor/Data/PlaybackEngines/WindowsStandaloneSupport/UnityEditor.WindowsStandalone.Extensions.dll
Registered in 0.003240 seconds.
Native extension for WindowsStandalone target not found
Refreshing native plugins compatible for Editor in 48.53 ms, found 2 plugins.
Preloading 0 native plugins for Editor in 0.00 ms.
Mono: successfully reloaded assembly
- Completed reload, in  7.090 seconds
Platform modules already initialized, skipping
Registering precompiled user dll's ...
Registered in 0.011919 seconds.
Begin MonoManager ReloadAssembly
Native extension for WindowsStandalone target not found
Refreshing native plugins compatible for Editor in 1.28 ms, found 2 plugins.
Preloading 0 native plugins for Editor in 0.00 ms.
Mono: successfully reloaded assembly
- Completed reload, in  1.114 seconds
Platform modules already initialized, skipping
========================================================================
Worker process is ready to serve import requests
Shader 'LightingEffects/Car/Specular_Cubemap_Color': fallback shader 'MobileSpecular' not found
Launched and connected shader compiler UnityShaderCompiler.exe after 0.04 seconds
Refreshing native plugins compatible for Editor in 0.91 ms, found 2 plugins.
Preloading 0 native plugins for Editor in 0.00 ms.
Unloading 1658 Unused Serialized files (Serialized files now loaded: 0)
System memory in use before: 106.2 MB.
System memory in use after: 106.1 MB.

Unloading 32 unused Assets to reduce memory usage. Loaded Objects now: 2114.
Total: 2.248000 ms (FindLiveObjects: 0.203300 ms CreateObjectMapping: 0.074900 ms MarkObjects: 1.686700 ms  DeleteObjects: 0.281800 ms)

========================================================================
Received Import Request.
  path: Assets/Models/SelectMap/ImageMaps/Map1.png
  artifactKey: Guid(23daa1f277efc77468ce1d12ceca5a67) Importer(815301076,1909f56bfc062723c751e8b465ee728b)
Start importing Assets/Models/SelectMap/ImageMaps/Map1.png using Guid(23daa1f277efc77468ce1d12ceca5a67) Importer(815301076,1909f56bfc062723c751e8b465ee728b)  -> (artifact id: '4834a136dc91e0444c6e121fd0a75565') in 0.144331 seconds
  Import took 0.147373 seconds .

========================================================================
Received Import Request.
  Time since last request: 0.000311 seconds.
  path: Assets/Models/SelectMap/ImageMaps/Map3.png
  artifactKey: Guid(021f8fa79739ca84ab68ff73bbefbda0) Importer(815301076,1909f56bfc062723c751e8b465ee728b)
Start importing Assets/Models/SelectMap/ImageMaps/Map3.png using Guid(021f8fa79739ca84ab68ff73bbefbda0) Importer(815301076,1909f56bfc062723c751e8b465ee728b)  -> (artifact id: '681a4273c6a4c8a03e15c83aa207470e') in 0.053636 seconds
  Import took 0.057528 seconds .

========================================================================
Received Import Request.
  Time since last request: 0.000271 seconds.
  path: Assets/Models/SelectMap/arrow.png
  artifactKey: Guid(4f4b93501a26af74cab2b89f8234aa6c) Importer(815301076,1909f56bfc062723c751e8b465ee728b)
Start importing Assets/Models/SelectMap/arrow.png using Guid(4f4b93501a26af74cab2b89f8234aa6c) Importer(815301076,1909f56bfc062723c751e8b465ee728b)  -> (artifact id: 'c9aa6aef87daa9b7e33cf7bfff40c3b9') in 0.025263 seconds
  Import took 0.030409 seconds .

========================================================================
Received Import Request.
  Time since last request: 0.000423 seconds.
  path: Assets/Models/SelectMap/ImageMaps/Map2.png
  artifactKey: Guid(c36f6c9f5ce9ed347848d4fb4f3d52ab) Importer(815301076,1909f56bfc062723c751e8b465ee728b)
Start importing Assets/Models/SelectMap/ImageMaps/Map2.png using Guid(c36f6c9f5ce9ed347848d4fb4f3d52ab) Importer(815301076,1909f56bfc062723c751e8b465ee728b)  -> (artifact id: '51795cd409015e675744884e196a276d') in 0.056332 seconds
  Import took 0.061607 seconds .

========================================================================
Received Import Request.
  Time since last request: 0.000744 seconds.
  path: Assets/Scenes/Menu.unity
  artifactKey: Guid(59bb503936ddef84f88731ed1b3f939b) Importer(815301076,1909f56bfc062723c751e8b465ee728b)
Start importing Assets/Scenes/Menu.unity using Guid(59bb503936ddef84f88731ed1b3f939b) Importer(815301076,1909f56bfc062723c751e8b465ee728b)  -> (artifact id: 'bcb5b2ec9f804d2d6a1d293580f158dd') in 0.015052 seconds
  Import took 0.020141 seconds .

========================================================================
Received Import Request.
  Time since last request: 8.729665 seconds.
  path: Assets/Scenes/Level1/ReflectionProbe-0.exr
  artifactKey: Guid(76c887bdf07f60644ae804c7d53c25ae) Importer(815301076,1909f56bfc062723c751e8b465ee728b)
Start importing Assets/Scenes/Level1/ReflectionProbe-0.exr using Guid(76c887bdf07f60644ae804c7d53c25ae) Importer(815301076,1909f56bfc062723c751e8b465ee728b)  -> (artifact id: '786d0c5ab9cf704361f3c256b471b405') in 0.082927 seconds
  Import took 0.085910 seconds .

========================================================================
Received Import Request.
  Time since last request: 7.304614 seconds.
  path: Assets/Models/Level1/asphalt.jpg
  artifactKey: Guid(48be3e2cd85d35c4186b08fcebf583a5) Importer(815301076,1909f56bfc062723c751e8b465ee728b)
Start importing Assets/Models/Level1/asphalt.jpg using Guid(48be3e2cd85d35c4186b08fcebf583a5) Importer(815301076,1909f56bfc062723c751e8b465ee728b)  -> (artifact id: '3f7f03b298bcd8b913a379cf3845fb6c') in 0.024470 seconds
  Import took 0.027646 seconds .

========================================================================
Received Import Request.
  Time since last request: 4.633732 seconds.
  path: Assets/Script/images.jpg
  artifactKey: Guid(ae4e928593d360042b94bb7ef174590d) Importer(815301076,1909f56bfc062723c751e8b465ee728b)
Start importing Assets/Script/images.jpg using Guid(ae4e928593d360042b94bb7ef174590d) Importer(815301076,1909f56bfc062723c751e8b465ee728b)  -> (artifact id: '850354d5af543fef7fe974712081b2c8') in 0.012540 seconds
  Import took 0.015661 seconds .

AssetImportWorkerClient::OnTransportError - code=2 error=End of file
