Using pre-set license
Built from '2020.3/staging' branch; Version is '2020.3.10f1 (297d780c91bc) revision 2719096'; Using compiler version '192528614'; Build Type 'Release'
OS: 'Windows 10 Pro; OS build 19042.1052; Version 2009; 64bit' Language: 'ru' Physical Memory: 8040 MB
BatchMode: 1, IsHumanControllingUs: 0, StartBugReporterOnCrash: 0, Is64bit: 1, IsPro: 0

 COMMAND LINE ARGUMENTS:
C:\Program Files\Unity\Hub\Editor\2020.3.10f1\Editor\Unity.exe
-adb2
-batchMode
-noUpm
-name
AssetImportWorker1
-projectPath
C:/Users/Artem/Desktop/git/Actual/Project2
-logFile
Logs/AssetImportWorker1.log
-srvPort
57772
Successfully changed project path to: C:/Users/Artem/Desktop/git/Actual/Project2
C:/Users/Artem/Desktop/git/Actual/Project2
Using Asset Import Pipeline V2.
Refreshing native plugins compatible for Editor in 126.94 ms, found 2 plugins.
Preloading 0 native plugins for Editor in 0.00 ms.
Initialize engine version: 2020.3.10f1 (297d780c91bc)
[Subsystems] Discovering subsystems at path C:/Program Files/Unity/Hub/Editor/2020.3.10f1/Editor/Data/Resources/UnitySubsystems
[Subsystems] Discovering subsystems at path C:/Users/Artem/Desktop/git/Actual/Project2/Assets
GfxDevice: creating device client; threaded=0
Direct3D:
    Version:  Direct3D 11.0 [level 11.1]
    Renderer: NVIDIA GeForce MX230 (ID=0x1d11)
    Vendor:   
    VRAM:     1984 MB
    Driver:   27.21.14.6172
Shader 'LightingEffects/Car/Specular_Cubemap_Color': fallback shader 'MobileSpecular' not found
Initialize mono
Mono path[0] = 'C:/Program Files/Unity/Hub/Editor/2020.3.10f1/Editor/Data/Managed'
Mono path[1] = 'C:/Program Files/Unity/Hub/Editor/2020.3.10f1/Editor/Data/MonoBleedingEdge/lib/mono/unityjit'
Mono config path = 'C:/Program Files/Unity/Hub/Editor/2020.3.10f1/Editor/Data/MonoBleedingEdge/etc'
Using monoOptions --debugger-agent=transport=dt_socket,embedding=1,server=y,suspend=n,address=127.0.0.1:56368
Begin MonoManager ReloadAssembly
Registering precompiled unity dll's ...
Register platform support module: C:/Program Files/Unity/Hub/Editor/2020.3.10f1/Editor/Data/PlaybackEngines/WindowsStandaloneSupport/UnityEditor.WindowsStandalone.Extensions.dll
Registered in 0.002528 seconds.
Native extension for WindowsStandalone target not found
Refreshing native plugins compatible for Editor in 56.34 ms, found 2 plugins.
Preloading 0 native plugins for Editor in 0.00 ms.
Mono: successfully reloaded assembly
- Completed reload, in  3.579 seconds
Platform modules already initialized, skipping
Registering precompiled user dll's ...
Registered in 0.005507 seconds.
Begin MonoManager ReloadAssembly
Native extension for WindowsStandalone target not found
Refreshing native plugins compatible for Editor in 1.63 ms, found 2 plugins.
Preloading 0 native plugins for Editor in 0.00 ms.
Mono: successfully reloaded assembly
- Completed reload, in  2.900 seconds
Platform modules already initialized, skipping
========================================================================
Worker process is ready to serve import requests
Shader 'LightingEffects/Car/Specular_Cubemap_Color': fallback shader 'MobileSpecular' not found
Launched and connected shader compiler UnityShaderCompiler.exe after 0.09 seconds
Refreshing native plugins compatible for Editor in 1.06 ms, found 2 plugins.
Preloading 0 native plugins for Editor in 0.00 ms.
Unloading 1655 Unused Serialized files (Serialized files now loaded: 0)
System memory in use before: 107.7 MB.
System memory in use after: 107.5 MB.

Unloading 32 unused Assets to reduce memory usage. Loaded Objects now: 2111.
Total: 3.739800 ms (FindLiveObjects: 0.288200 ms CreateObjectMapping: 0.110200 ms MarkObjects: 2.926000 ms  DeleteObjects: 0.413000 ms)

========================================================================
Received Import Request.
  path: Assets/Scenes/Level2.unity
  artifactKey: Guid(e82a0c7cf6aa6504daa551b17979d57e) Importer(815301076,1909f56bfc062723c751e8b465ee728b)
Start importing Assets/Scenes/Level2.unity using Guid(e82a0c7cf6aa6504daa551b17979d57e) Importer(815301076,1909f56bfc062723c751e8b465ee728b)  -> (artifact id: '01429be1504c32b010479b432ae399d3') in 0.044848 seconds
  Import took 0.051366 seconds .

========================================================================
Received Import Request.
  Time since last request: 71.901510 seconds.
  path: Assets/Models/Menu
  artifactKey: Guid(b601c93ad4f000c40990a41ce965caaa) Importer(815301076,1909f56bfc062723c751e8b465ee728b)
Start importing Assets/Models/Menu using Guid(b601c93ad4f000c40990a41ce965caaa) Importer(815301076,1909f56bfc062723c751e8b465ee728b)  -> (artifact id: '2546e6695beae567d669679166854fc2') in 0.014982 seconds
  Import took 0.024676 seconds .

========================================================================
Received Import Request.
  Time since last request: 0.002923 seconds.
  path: Assets/Models/Menu
  artifactKey: Guid(b601c93ad4f000c40990a41ce965caaa) Importer(815301076,1909f56bfc062723c751e8b465ee728b)
Start importing Assets/Models/Menu using Guid(b601c93ad4f000c40990a41ce965caaa) Importer(815301076,1909f56bfc062723c751e8b465ee728b)  -> (artifact id: '2546e6695beae567d669679166854fc2') in 0.005132 seconds
  Import took 0.013401 seconds .

========================================================================
Received Prepare
Shader 'LightingEffects/Car/Specular_Cubemap_Color': fallback shader 'MobileSpecular' not found
Refreshing native plugins compatible for Editor in 8.44 ms, found 2 plugins.
Preloading 0 native plugins for Editor in 0.00 ms.
Unloading 25 Unused Serialized files (Serialized files now loaded: 0)
System memory in use before: 68.1 MB.
System memory in use after: 68.0 MB.

Unloading 25 unused Assets to reduce memory usage. Loaded Objects now: 2111.
Total: 3.317500 ms (FindLiveObjects: 0.184800 ms CreateObjectMapping: 0.058300 ms MarkObjects: 2.832900 ms  DeleteObjects: 0.240300 ms)

========================================================================
Received Import Request.
  Time since last request: 94.185713 seconds.
  path: Assets/Scenes/Level1/LightingData.asset
  artifactKey: Guid(d777e4e467c33bc47a5feb05f4e9f083) Importer(815301076,1909f56bfc062723c751e8b465ee728b)
Start importing Assets/Scenes/Level1/LightingData.asset using Guid(d777e4e467c33bc47a5feb05f4e9f083) Importer(815301076,1909f56bfc062723c751e8b465ee728b)  -> (artifact id: '7e155349b9c2645e18194df243943e02') in 0.097530 seconds
  Import took 0.101963 seconds .

========================================================================
Received Import Request.
  Time since last request: 0.000356 seconds.
  path: Assets/Scenes/Level1/ReflectionProbe-0.exr
  artifactKey: Guid(76c887bdf07f60644ae804c7d53c25ae) Importer(815301076,1909f56bfc062723c751e8b465ee728b)
Start importing Assets/Scenes/Level1/ReflectionProbe-0.exr using Guid(76c887bdf07f60644ae804c7d53c25ae) Importer(815301076,1909f56bfc062723c751e8b465ee728b)  -> (artifact id: '9316ea8812339b48bf909bec890acb18') in 0.161388 seconds
  Import took 0.171799 seconds .

========================================================================
Received Import Request.
  Time since last request: 3.636755 seconds.
  path: Assets/Scenes/Level1.unity
  artifactKey: Guid(98232fe8dd827bb4ea1648de995c902c) Importer(815301076,1909f56bfc062723c751e8b465ee728b)
Start importing Assets/Scenes/Level1.unity using Guid(98232fe8dd827bb4ea1648de995c902c) Importer(815301076,1909f56bfc062723c751e8b465ee728b)  -> (artifact id: 'f2224f16106b95b0880b01dc2122853c') in 0.016360 seconds
  Import took 0.022160 seconds .

========================================================================
Received Import Request.
  Time since last request: 0.004881 seconds.
  path: Assets/Scenes/Level1.unity
  artifactKey: Guid(98232fe8dd827bb4ea1648de995c902c) Importer(815301076,1909f56bfc062723c751e8b465ee728b)
Start importing Assets/Scenes/Level1.unity using Guid(98232fe8dd827bb4ea1648de995c902c) Importer(815301076,1909f56bfc062723c751e8b465ee728b)  -> (artifact id: 'f2224f16106b95b0880b01dc2122853c') in 0.004010 seconds
  Import took 0.007815 seconds .

========================================================================
Received Import Request.
  Time since last request: 11.888910 seconds.
  path: Assets/Scenes/Level2.unity
  artifactKey: Guid(e82a0c7cf6aa6504daa551b17979d57e) Importer(815301076,1909f56bfc062723c751e8b465ee728b)
Start importing Assets/Scenes/Level2.unity using Guid(e82a0c7cf6aa6504daa551b17979d57e) Importer(815301076,1909f56bfc062723c751e8b465ee728b)  -> (artifact id: '5714b8a6765a7f0c0244aabda1c37dec') in 0.008374 seconds
  Import took 0.013803 seconds .

========================================================================
Received Import Request.
  Time since last request: 63.342563 seconds.
  path: Assets/Scenes/Level2.unity
  artifactKey: Guid(e82a0c7cf6aa6504daa551b17979d57e) Importer(815301076,1909f56bfc062723c751e8b465ee728b)
Start importing Assets/Scenes/Level2.unity using Guid(e82a0c7cf6aa6504daa551b17979d57e) Importer(815301076,1909f56bfc062723c751e8b465ee728b)  -> (artifact id: '5233a958ee31616db12b355a5b9eb7d9') in 0.007336 seconds
  Import took 0.012431 seconds .

========================================================================
Received Import Request.
  Time since last request: 27.488828 seconds.
  path: Assets/Material
  artifactKey: Guid(2b235a7d26481774aa066d03b40658ba) Importer(815301076,1909f56bfc062723c751e8b465ee728b)
Start importing Assets/Material using Guid(2b235a7d26481774aa066d03b40658ba) Importer(815301076,1909f56bfc062723c751e8b465ee728b)  -> (artifact id: 'c8b04eb7cf023b6aca1e03200e4f44fd') in 0.013875 seconds
  Import took 0.019749 seconds .

========================================================================
Received Import Request.
  Time since last request: 0.001117 seconds.
  path: Assets/Material
  artifactKey: Guid(2b235a7d26481774aa066d03b40658ba) Importer(815301076,1909f56bfc062723c751e8b465ee728b)
Start importing Assets/Material using Guid(2b235a7d26481774aa066d03b40658ba) Importer(815301076,1909f56bfc062723c751e8b465ee728b)  -> (artifact id: 'c8b04eb7cf023b6aca1e03200e4f44fd') in 0.007419 seconds
  Import took 0.013381 seconds .

========================================================================
Received Prepare
Registering precompiled user dll's ...
Registered in 0.007951 seconds.
Begin MonoManager ReloadAssembly
Native extension for WindowsStandalone target not found
Refreshing native plugins compatible for Editor in 0.85 ms, found 2 plugins.
Preloading 0 native plugins for Editor in 0.00 ms.
Mono: successfully reloaded assembly
- Completed reload, in  3.097 seconds
Platform modules already initialized, skipping
Switching build target platform(19) subTarget(0) extendedPlatform(0) -> platform(13) subTarget(537395200) extendedPlatform(0)
Shader 'LightingEffects/Car/Specular_Cubemap_Color': fallback shader 'MobileSpecular' not found
Refreshing native plugins compatible for Editor in 0.87 ms, found 2 plugins.
Preloading 0 native plugins for Editor in 0.00 ms.
Unloading 1564 Unused Serialized files (Serialized files now loaded: 0)
System memory in use before: 101.1 MB.
System memory in use after: 101.0 MB.

Unloading 27 unused Assets to reduce memory usage. Loaded Objects now: 2146.
Total: 2.929100 ms (FindLiveObjects: 0.249400 ms CreateObjectMapping: 0.107200 ms MarkObjects: 2.265500 ms  DeleteObjects: 0.305400 ms)

AssetImportParameters requested are different than current active one (requested -> active):
  custom:graphics/normal-map-encoding: 01000000000000000000000000000000 -> 02000000000000000000000000000000
========================================================================
Received Prepare
Registering precompiled user dll's ...
Registered in 0.003700 seconds.
Begin MonoManager ReloadAssembly
Native extension for WindowsStandalone target not found
Refreshing native plugins compatible for Editor in 4.22 ms, found 2 plugins.
Preloading 0 native plugins for Editor in 0.00 ms.
Mono: successfully reloaded assembly
- Completed reload, in  3.595 seconds
Platform modules already initialized, skipping
Switching build target platform(19) subTarget(0) extendedPlatform(0) -> platform(13) subTarget(537395200) extendedPlatform(0)
Shader 'LightingEffects/Car/Specular_Cubemap_Color': fallback shader 'MobileSpecular' not found
Refreshing native plugins compatible for Editor in 0.79 ms, found 2 plugins.
Preloading 0 native plugins for Editor in 0.00 ms.
Unloading 1564 Unused Serialized files (Serialized files now loaded: 0)
System memory in use before: 101.1 MB.
System memory in use after: 101.0 MB.

Unloading 27 unused Assets to reduce memory usage. Loaded Objects now: 2149.
Total: 3.400800 ms (FindLiveObjects: 0.246300 ms CreateObjectMapping: 0.107300 ms MarkObjects: 2.685200 ms  DeleteObjects: 0.359800 ms)

AssetImportParameters requested are different than current active one (requested -> active):
  custom:graphics/normal-map-encoding: 01000000000000000000000000000000 -> 02000000000000000000000000000000
========================================================================
Received Import Request.
  Time since last request: 270.777746 seconds.
  path: Assets/Script/Extreme Drift/Scripts/AIController
  artifactKey: Guid(f27eb89858d7fb448b093c7f80248b28) Importer(815301076,1909f56bfc062723c751e8b465ee728b)
Start importing Assets/Script/Extreme Drift/Scripts/AIController using Guid(f27eb89858d7fb448b093c7f80248b28) Importer(815301076,1909f56bfc062723c751e8b465ee728b)  -> (artifact id: '770b4ddc46158fdefa3bfea890ec157e') in 0.022255 seconds
  Import took 0.026876 seconds .

========================================================================
Received Import Request.
  Time since last request: 530.948144 seconds.
  path: Assets/Script/Extreme Drift/Scripts/AIController/AIVehicle.cs
  artifactKey: Guid(f7a76734cbb59eb42a3796f2e454a7c5) Importer(815301076,1909f56bfc062723c751e8b465ee728b)
Start importing Assets/Script/Extreme Drift/Scripts/AIController/AIVehicle.cs using Guid(f7a76734cbb59eb42a3796f2e454a7c5) Importer(815301076,1909f56bfc062723c751e8b465ee728b)  -> (artifact id: 'd5f6327343d6602bf6d7f01223412897') in 0.023462 seconds
  Import took 0.028896 seconds .

========================================================================
Received Import Request.
  Time since last request: 0.031374 seconds.
  path: Assets/Script/Extreme Drift/Scripts/AIController/AIVehicle.cs
  artifactKey: Guid(f7a76734cbb59eb42a3796f2e454a7c5) Importer(815301076,1909f56bfc062723c751e8b465ee728b)
Start importing Assets/Script/Extreme Drift/Scripts/AIController/AIVehicle.cs using Guid(f7a76734cbb59eb42a3796f2e454a7c5) Importer(815301076,1909f56bfc062723c751e8b465ee728b)  -> (artifact id: 'd5f6327343d6602bf6d7f01223412897') in 0.003727 seconds
  Import took 0.008330 seconds .

========================================================================
Received Prepare
Registering precompiled user dll's ...
Registered in 0.004980 seconds.
Begin MonoManager ReloadAssembly
Native extension for WindowsStandalone target not found
Refreshing native plugins compatible for Editor in 1.93 ms, found 2 plugins.
Preloading 0 native plugins for Editor in 0.00 ms.
Mono: successfully reloaded assembly
- Completed reload, in  1.452 seconds
Platform modules already initialized, skipping
Switching build target platform(19) subTarget(0) extendedPlatform(0) -> platform(13) subTarget(537395200) extendedPlatform(0)
Shader 'LightingEffects/Car/Specular_Cubemap_Color': fallback shader 'MobileSpecular' not found
Refreshing native plugins compatible for Editor in 0.64 ms, found 2 plugins.
Preloading 0 native plugins for Editor in 0.00 ms.
Unloading 1564 Unused Serialized files (Serialized files now loaded: 0)
System memory in use before: 101.2 MB.
System memory in use after: 101.1 MB.

Unloading 27 unused Assets to reduce memory usage. Loaded Objects now: 2152.
Total: 2.202900 ms (FindLiveObjects: 0.195800 ms CreateObjectMapping: 0.081100 ms MarkObjects: 1.699600 ms  DeleteObjects: 0.225500 ms)

AssetImportParameters requested are different than current active one (requested -> active):
  custom:graphics/normal-map-encoding: 01000000000000000000000000000000 -> 02000000000000000000000000000000
========================================================================
Received Prepare
Registering precompiled user dll's ...
Registered in 0.004379 seconds.
Begin MonoManager ReloadAssembly
Native extension for WindowsStandalone target not found
Refreshing native plugins compatible for Editor in 0.88 ms, found 2 plugins.
Preloading 0 native plugins for Editor in 0.00 ms.
Mono: successfully reloaded assembly
- Completed reload, in  1.459 seconds
Platform modules already initialized, skipping
Switching build target platform(19) subTarget(0) extendedPlatform(0) -> platform(13) subTarget(537395200) extendedPlatform(0)
Shader 'LightingEffects/Car/Specular_Cubemap_Color': fallback shader 'MobileSpecular' not found
Refreshing native plugins compatible for Editor in 0.60 ms, found 2 plugins.
Preloading 0 native plugins for Editor in 0.00 ms.
Unloading 1564 Unused Serialized files (Serialized files now loaded: 0)
System memory in use before: 101.2 MB.
System memory in use after: 101.1 MB.

Unloading 27 unused Assets to reduce memory usage. Loaded Objects now: 2155.
Total: 2.371300 ms (FindLiveObjects: 0.221700 ms CreateObjectMapping: 0.064500 ms MarkObjects: 1.796800 ms  DeleteObjects: 0.287400 ms)

AssetImportParameters requested are different than current active one (requested -> active):
  custom:graphics/normal-map-encoding: 01000000000000000000000000000000 -> 02000000000000000000000000000000
========================================================================
Received Prepare
Registering precompiled user dll's ...
Registered in 0.010921 seconds.
Begin MonoManager ReloadAssembly
Native extension for WindowsStandalone target not found
Refreshing native plugins compatible for Editor in 0.70 ms, found 2 plugins.
Preloading 0 native plugins for Editor in 0.00 ms.
Mono: successfully reloaded assembly
- Completed reload, in  1.543 seconds
Platform modules already initialized, skipping
Switching build target platform(19) subTarget(0) extendedPlatform(0) -> platform(13) subTarget(537395200) extendedPlatform(0)
Shader 'LightingEffects/Car/Specular_Cubemap_Color': fallback shader 'MobileSpecular' not found
Refreshing native plugins compatible for Editor in 0.69 ms, found 2 plugins.
Preloading 0 native plugins for Editor in 0.00 ms.
Unloading 1564 Unused Serialized files (Serialized files now loaded: 0)
System memory in use before: 101.2 MB.
System memory in use after: 101.1 MB.

Unloading 27 unused Assets to reduce memory usage. Loaded Objects now: 2158.
Total: 3.189200 ms (FindLiveObjects: 0.316900 ms CreateObjectMapping: 0.244400 ms MarkObjects: 2.323100 ms  DeleteObjects: 0.303600 ms)

AssetImportParameters requested are different than current active one (requested -> active):
  custom:graphics/normal-map-encoding: 01000000000000000000000000000000 -> 02000000000000000000000000000000
========================================================================
Received Prepare
Registering precompiled user dll's ...
Registered in 0.012544 seconds.
Begin MonoManager ReloadAssembly
Native extension for WindowsStandalone target not found
Refreshing native plugins compatible for Editor in 0.93 ms, found 2 plugins.
Preloading 0 native plugins for Editor in 0.00 ms.
Mono: successfully reloaded assembly
- Completed reload, in  1.439 seconds
Platform modules already initialized, skipping
Switching build target platform(19) subTarget(0) extendedPlatform(0) -> platform(13) subTarget(537395200) extendedPlatform(0)
Shader 'LightingEffects/Car/Specular_Cubemap_Color': fallback shader 'MobileSpecular' not found
Refreshing native plugins compatible for Editor in 0.65 ms, found 2 plugins.
Preloading 0 native plugins for Editor in 0.00 ms.
Unloading 1564 Unused Serialized files (Serialized files now loaded: 0)
System memory in use before: 101.2 MB.
System memory in use after: 101.1 MB.

Unloading 27 unused Assets to reduce memory usage. Loaded Objects now: 2161.
Total: 2.675700 ms (FindLiveObjects: 0.216700 ms CreateObjectMapping: 0.073400 ms MarkObjects: 2.087000 ms  DeleteObjects: 0.297600 ms)

AssetImportParameters requested are different than current active one (requested -> active):
  custom:graphics/normal-map-encoding: 01000000000000000000000000000000 -> 02000000000000000000000000000000
========================================================================
Received Prepare
Registering precompiled user dll's ...
Registered in 0.006009 seconds.
Begin MonoManager ReloadAssembly
Native extension for WindowsStandalone target not found
Refreshing native plugins compatible for Editor in 0.92 ms, found 2 plugins.
Preloading 0 native plugins for Editor in 0.00 ms.
Mono: successfully reloaded assembly
- Completed reload, in  1.323 seconds
Platform modules already initialized, skipping
Switching build target platform(19) subTarget(0) extendedPlatform(0) -> platform(13) subTarget(537395200) extendedPlatform(0)
Shader 'LightingEffects/Car/Specular_Cubemap_Color': fallback shader 'MobileSpecular' not found
Refreshing native plugins compatible for Editor in 0.67 ms, found 2 plugins.
Preloading 0 native plugins for Editor in 0.00 ms.
Unloading 1564 Unused Serialized files (Serialized files now loaded: 0)
System memory in use before: 101.2 MB.
System memory in use after: 101.1 MB.

Unloading 27 unused Assets to reduce memory usage. Loaded Objects now: 2164.
Total: 2.896700 ms (FindLiveObjects: 0.214100 ms CreateObjectMapping: 0.061500 ms MarkObjects: 2.358600 ms  DeleteObjects: 0.261500 ms)

AssetImportParameters requested are different than current active one (requested -> active):
  custom:graphics/normal-map-encoding: 01000000000000000000000000000000 -> 02000000000000000000000000000000
========================================================================
Received Prepare
Registering precompiled user dll's ...
Registered in 0.006800 seconds.
Begin MonoManager ReloadAssembly
Native extension for WindowsStandalone target not found
Refreshing native plugins compatible for Editor in 1.09 ms, found 2 plugins.
Preloading 0 native plugins for Editor in 0.00 ms.
Mono: successfully reloaded assembly
- Completed reload, in  2.203 seconds
Platform modules already initialized, skipping
Switching build target platform(19) subTarget(0) extendedPlatform(0) -> platform(13) subTarget(537395200) extendedPlatform(0)
Shader 'LightingEffects/Car/Specular_Cubemap_Color': fallback shader 'MobileSpecular' not found
Refreshing native plugins compatible for Editor in 0.76 ms, found 2 plugins.
Preloading 0 native plugins for Editor in 0.00 ms.
Unloading 1564 Unused Serialized files (Serialized files now loaded: 0)
System memory in use before: 101.2 MB.
System memory in use after: 101.1 MB.

Unloading 27 unused Assets to reduce memory usage. Loaded Objects now: 2167.
Total: 2.992300 ms (FindLiveObjects: 0.213500 ms CreateObjectMapping: 0.061500 ms MarkObjects: 2.198200 ms  DeleteObjects: 0.518100 ms)

AssetImportParameters requested are different than current active one (requested -> active):
  custom:graphics/normal-map-encoding: 01000000000000000000000000000000 -> 02000000000000000000000000000000
========================================================================
Received Prepare
Registering precompiled user dll's ...
Registered in 0.009881 seconds.
Begin MonoManager ReloadAssembly
Native extension for WindowsStandalone target not found
Refreshing native plugins compatible for Editor in 1.34 ms, found 2 plugins.
Preloading 0 native plugins for Editor in 0.00 ms.
Mono: successfully reloaded assembly
- Completed reload, in  2.938 seconds
Platform modules already initialized, skipping
Switching build target platform(19) subTarget(0) extendedPlatform(0) -> platform(13) subTarget(537395200) extendedPlatform(0)
Shader 'LightingEffects/Car/Specular_Cubemap_Color': fallback shader 'MobileSpecular' not found
Refreshing native plugins compatible for Editor in 2.02 ms, found 2 plugins.
Preloading 0 native plugins for Editor in 0.00 ms.
Unloading 1564 Unused Serialized files (Serialized files now loaded: 0)
System memory in use before: 101.2 MB.
System memory in use after: 101.1 MB.

Unloading 27 unused Assets to reduce memory usage. Loaded Objects now: 2170.
Total: 5.287200 ms (FindLiveObjects: 0.326700 ms CreateObjectMapping: 0.091400 ms MarkObjects: 4.371500 ms  DeleteObjects: 0.495400 ms)

AssetImportParameters requested are different than current active one (requested -> active):
  custom:graphics/normal-map-encoding: 01000000000000000000000000000000 -> 02000000000000000000000000000000
========================================================================
Received Import Request.
  Time since last request: 25887.986916 seconds.
  path: Assets/Scenes/Level2.unity
  artifactKey: Guid(e82a0c7cf6aa6504daa551b17979d57e) Importer(815301076,1909f56bfc062723c751e8b465ee728b)
Start importing Assets/Scenes/Level2.unity using Guid(e82a0c7cf6aa6504daa551b17979d57e) Importer(815301076,1909f56bfc062723c751e8b465ee728b)  -> (artifact id: 'ea2d1afee6d30daf245f83bf0097f24b') in 0.611685 seconds
  Import took 0.617270 seconds .

========================================================================
Received Import Request.
  Time since last request: 0.086611 seconds.
  path: Assets/Scenes/Level2.unity
  artifactKey: Guid(e82a0c7cf6aa6504daa551b17979d57e) Importer(815301076,1909f56bfc062723c751e8b465ee728b)
Start importing Assets/Scenes/Level2.unity using Guid(e82a0c7cf6aa6504daa551b17979d57e) Importer(815301076,1909f56bfc062723c751e8b465ee728b)  -> (artifact id: 'ea2d1afee6d30daf245f83bf0097f24b') in 0.007031 seconds
  Import took 0.015832 seconds .

========================================================================
Received Prepare
Registering precompiled user dll's ...
Registered in 0.008595 seconds.
Begin MonoManager ReloadAssembly
Native extension for WindowsStandalone target not found
Refreshing native plugins compatible for Editor in 0.70 ms, found 2 plugins.
Preloading 0 native plugins for Editor in 0.00 ms.
Mono: successfully reloaded assembly
- Completed reload, in  1.572 seconds
Platform modules already initialized, skipping
Switching build target platform(19) subTarget(0) extendedPlatform(0) -> platform(13) subTarget(537395200) extendedPlatform(0)
Shader 'LightingEffects/Car/Specular_Cubemap_Color': fallback shader 'MobileSpecular' not found
Refreshing native plugins compatible for Editor in 1.04 ms, found 2 plugins.
Preloading 0 native plugins for Editor in 0.00 ms.
Unloading 1564 Unused Serialized files (Serialized files now loaded: 0)
System memory in use before: 101.2 MB.
System memory in use after: 101.1 MB.

Unloading 27 unused Assets to reduce memory usage. Loaded Objects now: 2173.
Total: 5.612800 ms (FindLiveObjects: 0.222100 ms CreateObjectMapping: 0.064300 ms MarkObjects: 4.560900 ms  DeleteObjects: 0.760700 ms)

AssetImportParameters requested are different than current active one (requested -> active):
  custom:graphics/normal-map-encoding: 01000000000000000000000000000000 -> 02000000000000000000000000000000
========================================================================
Received Prepare
Registering precompiled user dll's ...
Registered in 0.004269 seconds.
Begin MonoManager ReloadAssembly
Native extension for WindowsStandalone target not found
Refreshing native plugins compatible for Editor in 1.13 ms, found 2 plugins.
Preloading 0 native plugins for Editor in 0.00 ms.
Mono: successfully reloaded assembly
- Completed reload, in  1.639 seconds
Platform modules already initialized, skipping
Switching build target platform(19) subTarget(0) extendedPlatform(0) -> platform(13) subTarget(537395200) extendedPlatform(0)
Shader 'LightingEffects/Car/Specular_Cubemap_Color': fallback shader 'MobileSpecular' not found
Refreshing native plugins compatible for Editor in 3.52 ms, found 2 plugins.
Preloading 0 native plugins for Editor in 0.00 ms.
Unloading 1564 Unused Serialized files (Serialized files now loaded: 0)
System memory in use before: 101.2 MB.
System memory in use after: 101.1 MB.

Unloading 27 unused Assets to reduce memory usage. Loaded Objects now: 2176.
Total: 3.588000 ms (FindLiveObjects: 0.282600 ms CreateObjectMapping: 0.079400 ms MarkObjects: 2.715500 ms  DeleteObjects: 0.508400 ms)

AssetImportParameters requested are different than current active one (requested -> active):
  custom:graphics/normal-map-encoding: 01000000000000000000000000000000 -> 02000000000000000000000000000000
========================================================================
Received Import Request.
  Time since last request: 719.290730 seconds.
  path: Assets/Scenes/Level2.unity
  artifactKey: Guid(e82a0c7cf6aa6504daa551b17979d57e) Importer(815301076,1909f56bfc062723c751e8b465ee728b)
Start importing Assets/Scenes/Level2.unity using Guid(e82a0c7cf6aa6504daa551b17979d57e) Importer(815301076,1909f56bfc062723c751e8b465ee728b)  -> (artifact id: 'bcded8c48d471e38087306fc9b6ec36a') in 0.027688 seconds
  Import took 0.032913 seconds .

========================================================================
Received Prepare
Registering precompiled user dll's ...
Registered in 0.008040 seconds.
Begin MonoManager ReloadAssembly
Native extension for WindowsStandalone target not found
Refreshing native plugins compatible for Editor in 0.74 ms, found 2 plugins.
Preloading 0 native plugins for Editor in 0.00 ms.
Mono: successfully reloaded assembly
- Completed reload, in  1.538 seconds
Platform modules already initialized, skipping
Switching build target platform(19) subTarget(0) extendedPlatform(0) -> platform(13) subTarget(537395200) extendedPlatform(0)
Shader 'LightingEffects/Car/Specular_Cubemap_Color': fallback shader 'MobileSpecular' not found
Refreshing native plugins compatible for Editor in 0.68 ms, found 2 plugins.
Preloading 0 native plugins for Editor in 0.00 ms.
Unloading 1564 Unused Serialized files (Serialized files now loaded: 0)
System memory in use before: 101.2 MB.
System memory in use after: 101.1 MB.

Unloading 27 unused Assets to reduce memory usage. Loaded Objects now: 2179.
Total: 2.518700 ms (FindLiveObjects: 0.193600 ms CreateObjectMapping: 0.080400 ms MarkObjects: 1.992300 ms  DeleteObjects: 0.251300 ms)

AssetImportParameters requested are different than current active one (requested -> active):
  custom:graphics/normal-map-encoding: 01000000000000000000000000000000 -> 02000000000000000000000000000000
========================================================================
Received Import Request.
  Time since last request: 158.906478 seconds.
  path: Assets/Script/Extreme Drift/Prefabs/Vehicles/car1 2.prefab
  artifactKey: Guid(0ff655ffa54959044889f9bdaf0c3112) Importer(815301076,1909f56bfc062723c751e8b465ee728b)
Start importing Assets/Script/Extreme Drift/Prefabs/Vehicles/car1 2.prefab using Guid(0ff655ffa54959044889f9bdaf0c3112) Importer(815301076,1909f56bfc062723c751e8b465ee728b)  -> (artifact id: 'a26842dc02e0652d2183edd05f4d2ec2') in 0.591145 seconds
  Import took 0.602686 seconds .

========================================================================
Received Import Request.
  Time since last request: 2.840322 seconds.
  path: Assets/Script/Extreme Drift/Prefabs/Vehicles/car1 2.prefab
  artifactKey: Guid(0ff655ffa54959044889f9bdaf0c3112) Importer(815301076,1909f56bfc062723c751e8b465ee728b)
Start importing Assets/Script/Extreme Drift/Prefabs/Vehicles/car1 2.prefab using Guid(0ff655ffa54959044889f9bdaf0c3112) Importer(815301076,1909f56bfc062723c751e8b465ee728b)  -> (artifact id: '1b837611914e38c2d702acbce0a4dc4a') in 0.390342 seconds
  Import took 0.399344 seconds .

========================================================================
Received Import Request.
  Time since last request: 38.083395 seconds.
  path: Assets/Script/Extreme Drift/Prefabs/Vehicles/car1 2.prefab
  artifactKey: Guid(0ff655ffa54959044889f9bdaf0c3112) Importer(815301076,1909f56bfc062723c751e8b465ee728b)
Start importing Assets/Script/Extreme Drift/Prefabs/Vehicles/car1 2.prefab using Guid(0ff655ffa54959044889f9bdaf0c3112) Importer(815301076,1909f56bfc062723c751e8b465ee728b)  -> (artifact id: '5aa7a2e7f8bc21569b4b8595c1302f70') in 0.272936 seconds
  Import took 0.281152 seconds .

========================================================================
Received Import Request.
  Time since last request: 2.418229 seconds.
  path: Assets/Script/Extreme Drift/Prefabs/Vehicles/car1 2.prefab
  artifactKey: Guid(0ff655ffa54959044889f9bdaf0c3112) Importer(815301076,1909f56bfc062723c751e8b465ee728b)
Start importing Assets/Script/Extreme Drift/Prefabs/Vehicles/car1 2.prefab using Guid(0ff655ffa54959044889f9bdaf0c3112) Importer(815301076,1909f56bfc062723c751e8b465ee728b)  -> (artifact id: '92ceeb736d6c75f317561cd0be16029f') in 0.256361 seconds
  Import took 0.268458 seconds .

========================================================================
Received Import Request.
  Time since last request: 1.617761 seconds.
  path: Assets/Script/Extreme Drift/Prefabs/Vehicles/car1 2.prefab
  artifactKey: Guid(0ff655ffa54959044889f9bdaf0c3112) Importer(815301076,1909f56bfc062723c751e8b465ee728b)
Start importing Assets/Script/Extreme Drift/Prefabs/Vehicles/car1 2.prefab using Guid(0ff655ffa54959044889f9bdaf0c3112) Importer(815301076,1909f56bfc062723c751e8b465ee728b)  -> (artifact id: '9c065824e8d3db8a94048fb9db23fe97') in 0.273568 seconds
  Import took 0.282036 seconds .

========================================================================
Received Import Request.
  Time since last request: 1.482990 seconds.
  path: Assets/Script/Extreme Drift/Prefabs/Vehicles/car1 2.prefab
  artifactKey: Guid(0ff655ffa54959044889f9bdaf0c3112) Importer(815301076,1909f56bfc062723c751e8b465ee728b)
Start importing Assets/Script/Extreme Drift/Prefabs/Vehicles/car1 2.prefab using Guid(0ff655ffa54959044889f9bdaf0c3112) Importer(815301076,1909f56bfc062723c751e8b465ee728b)  -> (artifact id: 'f82a3fbf36b40338cf111d0d6b6d6430') in 0.264839 seconds
  Import took 0.270437 seconds .

========================================================================
Received Import Request.
  Time since last request: 1.450676 seconds.
  path: Assets/Script/Extreme Drift/Prefabs/Vehicles/car1 2.prefab
  artifactKey: Guid(0ff655ffa54959044889f9bdaf0c3112) Importer(815301076,1909f56bfc062723c751e8b465ee728b)
Start importing Assets/Script/Extreme Drift/Prefabs/Vehicles/car1 2.prefab using Guid(0ff655ffa54959044889f9bdaf0c3112) Importer(815301076,1909f56bfc062723c751e8b465ee728b)  -> (artifact id: 'ac87081bdc055047f4ac0fa94c75ddf2') in 0.264580 seconds
  Import took 0.271407 seconds .

========================================================================
Received Prepare
Registering precompiled user dll's ...
Registered in 0.011626 seconds.
Begin MonoManager ReloadAssembly
Native extension for WindowsStandalone target not found
Refreshing native plugins compatible for Editor in 3.14 ms, found 2 plugins.
Preloading 0 native plugins for Editor in 0.00 ms.
Mono: successfully reloaded assembly
- Completed reload, in  1.742 seconds
Platform modules already initialized, skipping
Switching build target platform(19) subTarget(0) extendedPlatform(0) -> platform(13) subTarget(537395200) extendedPlatform(0)
Shader 'LightingEffects/Car/Specular_Cubemap_Color': fallback shader 'MobileSpecular' not found
Refreshing native plugins compatible for Editor in 0.59 ms, found 2 plugins.
Preloading 0 native plugins for Editor in 0.00 ms.
Unloading 1564 Unused Serialized files (Serialized files now loaded: 0)
System memory in use before: 101.3 MB.
System memory in use after: 101.2 MB.

Unloading 27 unused Assets to reduce memory usage. Loaded Objects now: 2183.
Total: 3.089500 ms (FindLiveObjects: 0.150600 ms CreateObjectMapping: 0.046800 ms MarkObjects: 2.623800 ms  DeleteObjects: 0.267000 ms)

AssetImportParameters requested are different than current active one (requested -> active):
  custom:graphics/normal-map-encoding: 01000000000000000000000000000000 -> 02000000000000000000000000000000
========================================================================
Received Import Request.
  Time since last request: 36.778305 seconds.
  path: Assets/Script/Extreme Drift/Prefabs/Vehicles/car1 2.prefab
  artifactKey: Guid(0ff655ffa54959044889f9bdaf0c3112) Importer(815301076,1909f56bfc062723c751e8b465ee728b)
Start importing Assets/Script/Extreme Drift/Prefabs/Vehicles/car1 2.prefab using Guid(0ff655ffa54959044889f9bdaf0c3112) Importer(815301076,1909f56bfc062723c751e8b465ee728b)  -> (artifact id: 'c034a21ad3b84cd2a8ff7388c4a77e8b') in 0.307556 seconds
  Import took 0.314271 seconds .

========================================================================
Received Import Request.
  Time since last request: 8.393291 seconds.
  path: Assets/Script/Extreme Drift/Prefabs/Vehicles/car1 2.prefab
  artifactKey: Guid(0ff655ffa54959044889f9bdaf0c3112) Importer(815301076,1909f56bfc062723c751e8b465ee728b)
Start importing Assets/Script/Extreme Drift/Prefabs/Vehicles/car1 2.prefab using Guid(0ff655ffa54959044889f9bdaf0c3112) Importer(815301076,1909f56bfc062723c751e8b465ee728b)  -> (artifact id: '7d5c0267649f05ff256d288332462716') in 0.308616 seconds
  Import took 0.316511 seconds .

========================================================================
Received Import Request.
  Time since last request: 5.150030 seconds.
  path: Assets/Script/Extreme Drift/Prefabs/Vehicles/car1 2.prefab
  artifactKey: Guid(0ff655ffa54959044889f9bdaf0c3112) Importer(815301076,1909f56bfc062723c751e8b465ee728b)
Start importing Assets/Script/Extreme Drift/Prefabs/Vehicles/car1 2.prefab using Guid(0ff655ffa54959044889f9bdaf0c3112) Importer(815301076,1909f56bfc062723c751e8b465ee728b)  -> (artifact id: '9198341e3d694b6b1117e6ed33cd0ccb') in 0.260583 seconds
  Import took 0.271976 seconds .

========================================================================
Received Prepare
Registering precompiled user dll's ...
Registered in 0.018797 seconds.
Begin MonoManager ReloadAssembly
Native extension for WindowsStandalone target not found
Refreshing native plugins compatible for Editor in 0.75 ms, found 2 plugins.
Preloading 0 native plugins for Editor in 0.00 ms.
Mono: successfully reloaded assembly
- Completed reload, in  1.447 seconds
Platform modules already initialized, skipping
Switching build target platform(19) subTarget(0) extendedPlatform(0) -> platform(13) subTarget(537395200) extendedPlatform(0)
Shader 'LightingEffects/Car/Specular_Cubemap_Color': fallback shader 'MobileSpecular' not found
Refreshing native plugins compatible for Editor in 0.68 ms, found 2 plugins.
Preloading 0 native plugins for Editor in 0.00 ms.
Unloading 1564 Unused Serialized files (Serialized files now loaded: 0)
System memory in use before: 101.4 MB.
System memory in use after: 101.3 MB.

Unloading 27 unused Assets to reduce memory usage. Loaded Objects now: 2187.
Total: 2.248200 ms (FindLiveObjects: 0.157700 ms CreateObjectMapping: 0.049200 ms MarkObjects: 1.770600 ms  DeleteObjects: 0.269800 ms)

AssetImportParameters requested are different than current active one (requested -> active):
  custom:graphics/normal-map-encoding: 01000000000000000000000000000000 -> 02000000000000000000000000000000
========================================================================
Received Import Request.
  Time since last request: 210.347659 seconds.
  path: Assets/Scenes/Level1.unity
  artifactKey: Guid(98232fe8dd827bb4ea1648de995c902c) Importer(815301076,1909f56bfc062723c751e8b465ee728b)
Start importing Assets/Scenes/Level1.unity using Guid(98232fe8dd827bb4ea1648de995c902c) Importer(815301076,1909f56bfc062723c751e8b465ee728b)  -> (artifact id: '4ac8ecc8adc2407bf310c7acdc02f189') in 0.023777 seconds
  Import took 0.029927 seconds .

========================================================================
Received Prepare
Registering precompiled user dll's ...
Registered in 0.011580 seconds.
Begin MonoManager ReloadAssembly
Native extension for WindowsStandalone target not found
Refreshing native plugins compatible for Editor in 0.66 ms, found 2 plugins.
Preloading 0 native plugins for Editor in 0.00 ms.
Mono: successfully reloaded assembly
- Completed reload, in  1.407 seconds
Platform modules already initialized, skipping
Switching build target platform(19) subTarget(0) extendedPlatform(0) -> platform(13) subTarget(537395200) extendedPlatform(0)
Shader 'LightingEffects/Car/Specular_Cubemap_Color': fallback shader 'MobileSpecular' not found
Refreshing native plugins compatible for Editor in 0.62 ms, found 2 plugins.
Preloading 0 native plugins for Editor in 0.00 ms.
Unloading 1564 Unused Serialized files (Serialized files now loaded: 0)
System memory in use before: 101.4 MB.
System memory in use after: 101.3 MB.

Unloading 27 unused Assets to reduce memory usage. Loaded Objects now: 2190.
Total: 2.722400 ms (FindLiveObjects: 0.237700 ms CreateObjectMapping: 0.076300 ms MarkObjects: 2.146200 ms  DeleteObjects: 0.259400 ms)

AssetImportParameters requested are different than current active one (requested -> active):
  custom:graphics/normal-map-encoding: 01000000000000000000000000000000 -> 02000000000000000000000000000000
========================================================================
Received Prepare
Registering precompiled user dll's ...
Registered in 0.005433 seconds.
Begin MonoManager ReloadAssembly
Native extension for WindowsStandalone target not found
Refreshing native plugins compatible for Editor in 0.66 ms, found 2 plugins.
Preloading 0 native plugins for Editor in 0.00 ms.
Mono: successfully reloaded assembly
- Completed reload, in  1.578 seconds
Platform modules already initialized, skipping
Switching build target platform(19) subTarget(0) extendedPlatform(0) -> platform(13) subTarget(537395200) extendedPlatform(0)
Shader 'LightingEffects/Car/Specular_Cubemap_Color': fallback shader 'MobileSpecular' not found
Refreshing native plugins compatible for Editor in 1.78 ms, found 2 plugins.
Preloading 0 native plugins for Editor in 0.00 ms.
Unloading 1564 Unused Serialized files (Serialized files now loaded: 0)
System memory in use before: 101.4 MB.
System memory in use after: 101.3 MB.

Unloading 27 unused Assets to reduce memory usage. Loaded Objects now: 2193.
Total: 2.388000 ms (FindLiveObjects: 0.200600 ms CreateObjectMapping: 0.062300 ms MarkObjects: 1.843700 ms  DeleteObjects: 0.280200 ms)

AssetImportParameters requested are different than current active one (requested -> active):
  custom:graphics/normal-map-encoding: 01000000000000000000000000000000 -> 02000000000000000000000000000000
========================================================================
Received Import Request.
  Time since last request: 192.318046 seconds.
  path: Assets/Material/New Material.mat
  artifactKey: Guid(94e5d232ad0d7e44f97e908e70624c0c) Importer(815301076,1909f56bfc062723c751e8b465ee728b)
Start importing Assets/Material/New Material.mat using Guid(94e5d232ad0d7e44f97e908e70624c0c) Importer(815301076,1909f56bfc062723c751e8b465ee728b)  -> (artifact id: '0356af7ac718d512d9139600f786f929') in 0.109691 seconds
  Import took 0.115208 seconds .

========================================================================
Received Import Request.
  Time since last request: 0.000369 seconds.
  path: Assets/Material/New Physic Material.physicMaterial
  artifactKey: Guid(e323e30b1feb72f40972ba728312fe8a) Importer(815301076,1909f56bfc062723c751e8b465ee728b)
Start importing Assets/Material/New Physic Material.physicMaterial using Guid(e323e30b1feb72f40972ba728312fe8a) Importer(815301076,1909f56bfc062723c751e8b465ee728b)  -> (artifact id: '6417c379af9bf2b34075440a2c11f3b5') in 0.014538 seconds
  Import took 0.018715 seconds .

========================================================================
Received Import Request.
  Time since last request: 0.000298 seconds.
  path: Assets/Material/New Material.mat
  artifactKey: Guid(94e5d232ad0d7e44f97e908e70624c0c) Importer(815301076,1909f56bfc062723c751e8b465ee728b)
Start importing Assets/Material/New Material.mat using Guid(94e5d232ad0d7e44f97e908e70624c0c) Importer(815301076,1909f56bfc062723c751e8b465ee728b)  -> (artifact id: '0356af7ac718d512d9139600f786f929') in 0.016402 seconds
  Import took 0.020527 seconds .

========================================================================
Received Import Request.
  Time since last request: 0.000367 seconds.
  path: Assets/Material/New Physic Material.physicMaterial
  artifactKey: Guid(e323e30b1feb72f40972ba728312fe8a) Importer(815301076,1909f56bfc062723c751e8b465ee728b)
Start importing Assets/Material/New Physic Material.physicMaterial using Guid(e323e30b1feb72f40972ba728312fe8a) Importer(815301076,1909f56bfc062723c751e8b465ee728b)  -> (artifact id: '6417c379af9bf2b34075440a2c11f3b5') in 0.004750 seconds
  Import took 0.012326 seconds .

========================================================================
Received Import Request.
  Time since last request: 46.285834 seconds.
  path: Assets/Material/Menu
  artifactKey: Guid(73940049e01751f42ad97f1080db4330) Importer(815301076,1909f56bfc062723c751e8b465ee728b)
Start importing Assets/Material/Menu using Guid(73940049e01751f42ad97f1080db4330) Importer(815301076,1909f56bfc062723c751e8b465ee728b)  -> (artifact id: 'bd278f8fd9c07a48b9e46b23a5748ab5') in 0.015309 seconds
  Import took 0.020156 seconds .

========================================================================
Received Import Request.
  Time since last request: 0.048456 seconds.
  path: Assets/Material/Menu/fon1.jpg
  artifactKey: Guid(5653cb599526a0e42aef0d0f95abff34) Importer(815301076,1909f56bfc062723c751e8b465ee728b)
Start importing Assets/Material/Menu/fon1.jpg using Guid(5653cb599526a0e42aef0d0f95abff34) Importer(815301076,1909f56bfc062723c751e8b465ee728b)  -> (artifact id: 'b427bf7f5bf4733a57780d13ff47456d') in 0.108361 seconds
  Import took 0.112538 seconds .

========================================================================
Received Import Request.
  Time since last request: 0.000270 seconds.
  path: Assets/Material/Menu/wall2.jpg
  artifactKey: Guid(ed5884bf78031a8499acc1ee4d693ac0) Importer(815301076,1909f56bfc062723c751e8b465ee728b)
Start importing Assets/Material/Menu/wall2.jpg using Guid(ed5884bf78031a8499acc1ee4d693ac0) Importer(815301076,1909f56bfc062723c751e8b465ee728b)  -> (artifact id: '63d99db23a3800e0c0a2483283d45892') in 0.041852 seconds
  Import took 0.047955 seconds .

========================================================================
Received Import Request.
  Time since last request: 0.000317 seconds.
  path: Assets/Material/Menu/Park.jpg
  artifactKey: Guid(d4da6bdcf2af20f49b1dbcda849d8aa6) Importer(815301076,1909f56bfc062723c751e8b465ee728b)
Start importing Assets/Material/Menu/Park.jpg using Guid(d4da6bdcf2af20f49b1dbcda849d8aa6) Importer(815301076,1909f56bfc062723c751e8b465ee728b)  -> (artifact id: '9425d3a4703155f69a7115250c08fcaa') in 0.073629 seconds
  Import took 0.077257 seconds .

========================================================================
Received Import Request.
  Time since last request: 0.000411 seconds.
  path: Assets/Material/Menu/трава_15.jpg
  artifactKey: Guid(f4b7b7128ad6b8c4e8526aeac46de908) Importer(815301076,1909f56bfc062723c751e8b465ee728b)
Start importing Assets/Material/Menu/трава_15.jpg using Guid(f4b7b7128ad6b8c4e8526aeac46de908) Importer(815301076,1909f56bfc062723c751e8b465ee728b)  -> (artifact id: 'f9a040017499b511dde130053766f2ec') in 0.091745 seconds
  Import took 0.098699 seconds .

========================================================================
Received Import Request.
  Time since last request: 0.000304 seconds.
  path: Assets/Material/Menu/асфальт_45.jpg
  artifactKey: Guid(2256f37655782934fb5eebbd7fddce8a) Importer(815301076,1909f56bfc062723c751e8b465ee728b)
Start importing Assets/Material/Menu/асфальт_45.jpg using Guid(2256f37655782934fb5eebbd7fddce8a) Importer(815301076,1909f56bfc062723c751e8b465ee728b)  -> (artifact id: '24135e275b7ada86cf73b223df56f77b') in 0.060577 seconds
  Import took 0.066931 seconds .

========================================================================
Received Import Request.
  Time since last request: 0.000389 seconds.
  path: Assets/Material/Menu/images (1).jpg
  artifactKey: Guid(26e9f47b75ad34f4e82827d7c0ec140e) Importer(815301076,1909f56bfc062723c751e8b465ee728b)
Start importing Assets/Material/Menu/images (1).jpg using Guid(26e9f47b75ad34f4e82827d7c0ec140e) Importer(815301076,1909f56bfc062723c751e8b465ee728b)  -> (artifact id: '7fc435ae72e41bafc4a0d541f6676e90') in 0.026780 seconds
  Import took 0.038169 seconds .

========================================================================
Received Import Request.
  Time since last request: 26.106013 seconds.
  path: Assets/Models/Level1/Materials
  artifactKey: Guid(fa5c6573356d43e49b926bcffa2efbd8) Importer(815301076,1909f56bfc062723c751e8b465ee728b)
Start importing Assets/Models/Level1/Materials using Guid(fa5c6573356d43e49b926bcffa2efbd8) Importer(815301076,1909f56bfc062723c751e8b465ee728b)  -> (artifact id: '0a9897e28c1a080e5202f83e21d25a97') in 0.013782 seconds
  Import took 0.021991 seconds .

========================================================================
Received Import Request.
  Time since last request: 14.683031 seconds.
  path: Assets/Models/Level1/Snow mountain tracks/Resources
  artifactKey: Guid(a739afc85f82c6e4484de20af2bc08e1) Importer(815301076,1909f56bfc062723c751e8b465ee728b)
Start importing Assets/Models/Level1/Snow mountain tracks/Resources using Guid(a739afc85f82c6e4484de20af2bc08e1) Importer(815301076,1909f56bfc062723c751e8b465ee728b)  -> (artifact id: '27882ef72d0acfaf8fe1cff6a8c2cc76') in 0.009661 seconds
  Import took 0.018303 seconds .

========================================================================
Received Import Request.
  Time since last request: 0.877722 seconds.
  path: Assets/Models/Level1/Snow mountain tracks/Resources/Models
  artifactKey: Guid(9c9520dfc96b57244a36a906907b841d) Importer(815301076,1909f56bfc062723c751e8b465ee728b)
Start importing Assets/Models/Level1/Snow mountain tracks/Resources/Models using Guid(9c9520dfc96b57244a36a906907b841d) Importer(815301076,1909f56bfc062723c751e8b465ee728b)  -> (artifact id: 'f253d7df1a964b8060164684a9561cde') in 0.011583 seconds
  Import took 0.020981 seconds .

========================================================================
Received Import Request.
  Time since last request: 0.076460 seconds.
  path: Assets/Models/Level1/Snow mountain tracks/Resources/Models/concrete 2.asset
  artifactKey: Guid(ed41ebd2345b5924c90f919f45e87d2b) Importer(815301076,1909f56bfc062723c751e8b465ee728b)
Start importing Assets/Models/Level1/Snow mountain tracks/Resources/Models/concrete 2.asset using Guid(ed41ebd2345b5924c90f919f45e87d2b) Importer(815301076,1909f56bfc062723c751e8b465ee728b)  -> (artifact id: 'fe2c97607102aa23336378fd8fe91aff') in 0.071606 seconds
  Import took 0.077867 seconds .

========================================================================
Received Import Request.
  Time since last request: 0.000380 seconds.
  path: Assets/Models/Level1/Snow mountain tracks/Resources/Models/poles.asset
  artifactKey: Guid(ebda0cb17de4a154a806302ef3a464f2) Importer(815301076,1909f56bfc062723c751e8b465ee728b)
Start importing Assets/Models/Level1/Snow mountain tracks/Resources/Models/poles.asset using Guid(ebda0cb17de4a154a806302ef3a464f2) Importer(815301076,1909f56bfc062723c751e8b465ee728b)  -> (artifact id: '8876949d5b357f8ba800c24fa641dec7') in 0.062781 seconds
  Import took 0.067741 seconds .

========================================================================
Received Import Request.
  Time since last request: 0.000254 seconds.
  path: Assets/Models/Level1/Snow mountain tracks/Resources/Models/concrete.asset
  artifactKey: Guid(12d78428deb775d448b5cc0326e43380) Importer(815301076,1909f56bfc062723c751e8b465ee728b)
Start importing Assets/Models/Level1/Snow mountain tracks/Resources/Models/concrete.asset using Guid(12d78428deb775d448b5cc0326e43380) Importer(815301076,1909f56bfc062723c751e8b465ee728b)  -> (artifact id: '651251469bc8f14beca2359f22b7d7e0') in 0.063585 seconds
  Import took 0.068722 seconds .

========================================================================
Received Import Request.
  Time since last request: 0.000315 seconds.
  path: Assets/Models/Level1/Snow mountain tracks/Resources/Models/road.asset
  artifactKey: Guid(0a137320cb1170041a34e81b90fabe33) Importer(815301076,1909f56bfc062723c751e8b465ee728b)
Start importing Assets/Models/Level1/Snow mountain tracks/Resources/Models/road.asset using Guid(0a137320cb1170041a34e81b90fabe33) Importer(815301076,1909f56bfc062723c751e8b465ee728b)  -> (artifact id: '4b30619aef1a553ac61e0793e94560e9') in 0.025573 seconds
  Import took 0.034367 seconds .

========================================================================
Received Import Request.
  Time since last request: 0.000351 seconds.
  path: Assets/Models/Level1/Snow mountain tracks/Resources/Models/concrete.asset
  artifactKey: Guid(12d78428deb775d448b5cc0326e43380) Importer(815301076,1909f56bfc062723c751e8b465ee728b)
Start importing Assets/Models/Level1/Snow mountain tracks/Resources/Models/concrete.asset using Guid(12d78428deb775d448b5cc0326e43380) Importer(815301076,1909f56bfc062723c751e8b465ee728b)  -> (artifact id: '651251469bc8f14beca2359f22b7d7e0') in 0.039180 seconds
  Import took 0.047089 seconds .

========================================================================
Received Import Request.
  Time since last request: 0.000229 seconds.
  path: Assets/Models/Level1/Snow mountain tracks/Resources/Models/concrete 2.asset
  artifactKey: Guid(ed41ebd2345b5924c90f919f45e87d2b) Importer(815301076,1909f56bfc062723c751e8b465ee728b)
Start importing Assets/Models/Level1/Snow mountain tracks/Resources/Models/concrete 2.asset using Guid(ed41ebd2345b5924c90f919f45e87d2b) Importer(815301076,1909f56bfc062723c751e8b465ee728b)  -> (artifact id: 'fe2c97607102aa23336378fd8fe91aff') in 0.035372 seconds
  Import took 0.042252 seconds .

========================================================================
Received Import Request.
  Time since last request: 14.259806 seconds.
  path: Assets/Models/Level1/Snow mountain tracks/Resources/Textures
  artifactKey: Guid(30426bcebd753244fa5299db0bba3954) Importer(815301076,1909f56bfc062723c751e8b465ee728b)
Start importing Assets/Models/Level1/Snow mountain tracks/Resources/Textures using Guid(30426bcebd753244fa5299db0bba3954) Importer(815301076,1909f56bfc062723c751e8b465ee728b)  -> (artifact id: '60fbe2eba776ab05bfce56dd4a76170e') in 0.015285 seconds
  Import took 0.021198 seconds .

========================================================================
Received Import Request.
  Time since last request: 0.002308 seconds.
  path: Assets/Models/Level1/Snow mountain tracks/Resources/Textures
  artifactKey: Guid(30426bcebd753244fa5299db0bba3954) Importer(815301076,1909f56bfc062723c751e8b465ee728b)
Start importing Assets/Models/Level1/Snow mountain tracks/Resources/Textures using Guid(30426bcebd753244fa5299db0bba3954) Importer(815301076,1909f56bfc062723c751e8b465ee728b)  -> (artifact id: '60fbe2eba776ab05bfce56dd4a76170e') in 0.003272 seconds
  Import took 0.008523 seconds .

========================================================================
Received Import Request.
  Time since last request: 0.075701 seconds.
  path: Assets/Models/Level1/Snow mountain tracks/Resources/Textures/ConcreteBarePoleTGA.tga
  artifactKey: Guid(91f8d73a3f33ceb478d1d917161d8315) Importer(815301076,1909f56bfc062723c751e8b465ee728b)
Start importing Assets/Models/Level1/Snow mountain tracks/Resources/Textures/ConcreteBarePoleTGA.tga using Guid(91f8d73a3f33ceb478d1d917161d8315) Importer(815301076,1909f56bfc062723c751e8b465ee728b)  -> (artifact id: '9b4272a1f646801428183f025ee88259') in 0.037207 seconds
  Import took 0.041071 seconds .

========================================================================
Received Import Request.
  Time since last request: 0.000334 seconds.
  path: Assets/Models/Level1/Snow mountain tracks/Resources/Textures/road_b.jpg
  artifactKey: Guid(dbd66363f37e6534880f241dfae1d06c) Importer(815301076,1909f56bfc062723c751e8b465ee728b)
Start importing Assets/Models/Level1/Snow mountain tracks/Resources/Textures/road_b.jpg using Guid(dbd66363f37e6534880f241dfae1d06c) Importer(815301076,1909f56bfc062723c751e8b465ee728b)  -> (artifact id: '9180868de8ca4af10b964d64e66aa4f1') in 0.046153 seconds
  Import took 0.050073 seconds .

========================================================================
Received Import Request.
  Time since last request: 0.000321 seconds.
  path: Assets/Models/Level1/Snow mountain tracks/Resources/Textures/metal02.jpg
  artifactKey: Guid(0f12cdaefbb6f50438b533b9e05de514) Importer(815301076,1909f56bfc062723c751e8b465ee728b)
Start importing Assets/Models/Level1/Snow mountain tracks/Resources/Textures/metal02.jpg using Guid(0f12cdaefbb6f50438b533b9e05de514) Importer(815301076,1909f56bfc062723c751e8b465ee728b)  -> (artifact id: '3ad14b9a027b1ca0b742741562e88bd3') in 0.027863 seconds
  Import took 0.032574 seconds .

========================================================================
Received Import Request.
  Time since last request: 0.000420 seconds.
  path: Assets/Models/Level1/Snow mountain tracks/Resources/Textures/road2Lane_snow.png
  artifactKey: Guid(1fb995bdef7024c47b67d5e57787afc2) Importer(815301076,1909f56bfc062723c751e8b465ee728b)
Start importing Assets/Models/Level1/Snow mountain tracks/Resources/Textures/road2Lane_snow.png using Guid(1fb995bdef7024c47b67d5e57787afc2) Importer(815301076,1909f56bfc062723c751e8b465ee728b)  -> (artifact id: '0df5c8f3f64500c8cd4b051a5db24e28') in 0.046997 seconds
  Import took 0.052286 seconds .

========================================================================
Received Import Request.
  Time since last request: 0.006263 seconds.
  path: Assets/Models/Level1/Snow mountain tracks/Resources/Textures/road2Lane_snow.png
  artifactKey: Guid(1fb995bdef7024c47b67d5e57787afc2) Importer(815301076,1909f56bfc062723c751e8b465ee728b)
Start importing Assets/Models/Level1/Snow mountain tracks/Resources/Textures/road2Lane_snow.png using Guid(1fb995bdef7024c47b67d5e57787afc2) Importer(815301076,1909f56bfc062723c751e8b465ee728b)  -> (artifact id: '0df5c8f3f64500c8cd4b051a5db24e28') in 0.039385 seconds
  Import took 0.043300 seconds .

========================================================================
Received Import Request.
  Time since last request: 30.646511 seconds.
  path: Assets/Models/Level1/Snow mountain tracks/Resources/Textures/road2Lane_snow.png
  artifactKey: Guid(1fb995bdef7024c47b67d5e57787afc2) Importer(815301076,1909f56bfc062723c751e8b465ee728b)
Start importing Assets/Models/Level1/Snow mountain tracks/Resources/Textures/road2Lane_snow.png using Guid(1fb995bdef7024c47b67d5e57787afc2) Importer(815301076,1909f56bfc062723c751e8b465ee728b)  -> (artifact id: 'c5efc8d15a16771e8214506a64c82f78') in 0.043386 seconds
  Import took 0.050588 seconds .

========================================================================
Received Import Request.
  Time since last request: 23.610489 seconds.
  path: Assets/Models/Level1/Snow mountain tracks/Resources/Textures/road_b.jpg
  artifactKey: Guid(dbd66363f37e6534880f241dfae1d06c) Importer(815301076,1909f56bfc062723c751e8b465ee728b)
Start importing Assets/Models/Level1/Snow mountain tracks/Resources/Textures/road_b.jpg using Guid(dbd66363f37e6534880f241dfae1d06c) Importer(815301076,1909f56bfc062723c751e8b465ee728b)  -> (artifact id: '05fe2f329b29d792d5e48f70d5e5160c') in 0.034484 seconds
  Import took 0.039739 seconds .

========================================================================
Received Import Request.
  Time since last request: 10.331280 seconds.
  path: Assets/Models/Level1/Snow mountain tracks/Resources/Textures/metal02.jpg
  artifactKey: Guid(0f12cdaefbb6f50438b533b9e05de514) Importer(815301076,1909f56bfc062723c751e8b465ee728b)
Start importing Assets/Models/Level1/Snow mountain tracks/Resources/Textures/metal02.jpg using Guid(0f12cdaefbb6f50438b533b9e05de514) Importer(815301076,1909f56bfc062723c751e8b465ee728b)  -> (artifact id: '0478387dbb05fdb9103a1d585581379c') in 0.020603 seconds
  Import took 0.028310 seconds .

========================================================================
Received Import Request.
  Time since last request: 6.806396 seconds.
  path: Assets/Models/Level1/Snow mountain tracks/Resources/Textures/ConcreteBarePoleTGA.tga
  artifactKey: Guid(91f8d73a3f33ceb478d1d917161d8315) Importer(815301076,1909f56bfc062723c751e8b465ee728b)
Start importing Assets/Models/Level1/Snow mountain tracks/Resources/Textures/ConcreteBarePoleTGA.tga using Guid(91f8d73a3f33ceb478d1d917161d8315) Importer(815301076,1909f56bfc062723c751e8b465ee728b)  -> (artifact id: 'd36a209fb8e41ea469d4075c0a8332f8') in 0.036851 seconds
  Import took 0.044226 seconds .

========================================================================
Received Import Request.
  Time since last request: 10.342919 seconds.
  path: Assets/Models/Level1/Snow mountain tracks/Resources/Materials
  artifactKey: Guid(fcc69199537c6e04bb3723d6ff970630) Importer(815301076,1909f56bfc062723c751e8b465ee728b)
Start importing Assets/Models/Level1/Snow mountain tracks/Resources/Materials using Guid(fcc69199537c6e04bb3723d6ff970630) Importer(815301076,1909f56bfc062723c751e8b465ee728b)  -> (artifact id: 'ffec3ecc59bd6e6804bd189712dce84b') in 0.003453 seconds
  Import took 0.010364 seconds .

========================================================================
Received Import Request.
  Time since last request: 0.085338 seconds.
  path: Assets/Models/Level1/Snow mountain tracks/Resources/Materials/metal02.mat
  artifactKey: Guid(7d245cc5587465c4caa1819a620fdf85) Importer(815301076,1909f56bfc062723c751e8b465ee728b)
Start importing Assets/Models/Level1/Snow mountain tracks/Resources/Materials/metal02.mat using Guid(7d245cc5587465c4caa1819a620fdf85) Importer(815301076,1909f56bfc062723c751e8b465ee728b)  -> (artifact id: 'd944c7281ffb06bb72e4c27c57716eb4') in 0.029571 seconds
  Import took 0.034706 seconds .

========================================================================
Received Import Request.
  Time since last request: 13.110284 seconds.
  path: Assets/Models/Level1/Snow mountain tracks/Resources/Materials/roads
  artifactKey: Guid(9bb80f61b1c6e3a4fa4e9fb1dee70c03) Importer(815301076,1909f56bfc062723c751e8b465ee728b)
Start importing Assets/Models/Level1/Snow mountain tracks/Resources/Materials/roads using Guid(9bb80f61b1c6e3a4fa4e9fb1dee70c03) Importer(815301076,1909f56bfc062723c751e8b465ee728b)  -> (artifact id: '45a849dead3eea3bb74e612fd4658beb') in 0.015922 seconds
  Import took 0.023277 seconds .

========================================================================
Received Import Request.
  Time since last request: 0.001180 seconds.
  path: Assets/Models/Level1/Snow mountain tracks/Resources/Materials/roads
  artifactKey: Guid(9bb80f61b1c6e3a4fa4e9fb1dee70c03) Importer(815301076,1909f56bfc062723c751e8b465ee728b)
Start importing Assets/Models/Level1/Snow mountain tracks/Resources/Materials/roads using Guid(9bb80f61b1c6e3a4fa4e9fb1dee70c03) Importer(815301076,1909f56bfc062723c751e8b465ee728b)  -> (artifact id: '45a849dead3eea3bb74e612fd4658beb') in 0.003538 seconds
  Import took 0.007862 seconds .

========================================================================
Received Import Request.
  Time since last request: 0.043889 seconds.
  path: Assets/Models/Level1/Snow mountain tracks/Resources/Materials/roads/road material.mat
  artifactKey: Guid(f182e2714eb8a714a99ed091081ce16c) Importer(815301076,1909f56bfc062723c751e8b465ee728b)
Start importing Assets/Models/Level1/Snow mountain tracks/Resources/Materials/roads/road material.mat using Guid(f182e2714eb8a714a99ed091081ce16c) Importer(815301076,1909f56bfc062723c751e8b465ee728b)  -> (artifact id: '148f46e94bbb5d14f4eea1f7fa440ebc') in 0.061013 seconds
  Import took 0.066892 seconds .

========================================================================
Received Prepare
Registering precompiled user dll's ...
Registered in 0.003920 seconds.
Begin MonoManager ReloadAssembly
Native extension for WindowsStandalone target not found
Refreshing native plugins compatible for Editor in 0.74 ms, found 2 plugins.
Preloading 0 native plugins for Editor in 0.00 ms.
Mono: successfully reloaded assembly
- Completed reload, in  1.282 seconds
Platform modules already initialized, skipping
Switching build target platform(19) subTarget(0) extendedPlatform(0) -> platform(13) subTarget(537395200) extendedPlatform(0)
Shader 'LightingEffects/Car/Specular_Cubemap_Color': fallback shader 'MobileSpecular' not found
Refreshing native plugins compatible for Editor in 1.37 ms, found 2 plugins.
Preloading 0 native plugins for Editor in 0.00 ms.
Unloading 1564 Unused Serialized files (Serialized files now loaded: 0)
System memory in use before: 101.4 MB.
System memory in use after: 101.3 MB.

Unloading 27 unused Assets to reduce memory usage. Loaded Objects now: 2213.
Total: 2.835600 ms (FindLiveObjects: 0.240800 ms CreateObjectMapping: 0.074100 ms MarkObjects: 2.242600 ms  DeleteObjects: 0.277100 ms)

AssetImportParameters requested are different than current active one (requested -> active):
  custom:graphics/normal-map-encoding: 01000000000000000000000000000000 -> 02000000000000000000000000000000
========================================================================
Received Import Request.
  Time since last request: 695.000302 seconds.
  path: Assets/Models/Level1/Snow mountain tracks/Resources/Materials/barrierMat.mat
  artifactKey: Guid(a60ebed664270c6448f56932f17da7c8) Importer(815301076,1909f56bfc062723c751e8b465ee728b)
Start importing Assets/Models/Level1/Snow mountain tracks/Resources/Materials/barrierMat.mat using Guid(a60ebed664270c6448f56932f17da7c8) Importer(815301076,1909f56bfc062723c751e8b465ee728b)  -> (artifact id: 'd030676fa045cde91c217b6206060ae9') in 0.132961 seconds
  Import took 0.137798 seconds .

========================================================================
Received Import Request.
  Time since last request: 0.000255 seconds.
  path: Assets/Models/Level1/Snow mountain tracks/Resources/Materials/metal02.mat
  artifactKey: Guid(7d245cc5587465c4caa1819a620fdf85) Importer(815301076,1909f56bfc062723c751e8b465ee728b)
Start importing Assets/Models/Level1/Snow mountain tracks/Resources/Materials/metal02.mat using Guid(7d245cc5587465c4caa1819a620fdf85) Importer(815301076,1909f56bfc062723c751e8b465ee728b)  -> (artifact id: 'f76d396381a3cefa161b2f911203dc5e') in 0.025458 seconds
  Import took 0.029509 seconds .

========================================================================
Received Prepare
Registering precompiled user dll's ...
Registered in 0.013060 seconds.
Begin MonoManager ReloadAssembly
Native extension for WindowsStandalone target not found
Refreshing native plugins compatible for Editor in 3.38 ms, found 2 plugins.
Preloading 0 native plugins for Editor in 0.00 ms.
Mono: successfully reloaded assembly
- Completed reload, in  2.677 seconds
Platform modules already initialized, skipping
Switching build target platform(19) subTarget(0) extendedPlatform(0) -> platform(13) subTarget(537395200) extendedPlatform(0)
Shader 'LightingEffects/Car/Specular_Cubemap_Color': fallback shader 'MobileSpecular' not found
Refreshing native plugins compatible for Editor in 2.10 ms, found 2 plugins.
Preloading 0 native plugins for Editor in 0.00 ms.
Unloading 1564 Unused Serialized files (Serialized files now loaded: 0)
System memory in use before: 101.4 MB.
System memory in use after: 101.3 MB.

Unloading 27 unused Assets to reduce memory usage. Loaded Objects now: 2217.
Total: 4.648000 ms (FindLiveObjects: 0.502400 ms CreateObjectMapping: 0.312600 ms MarkObjects: 3.233800 ms  DeleteObjects: 0.596400 ms)

AssetImportParameters requested are different than current active one (requested -> active):
  custom:graphics/normal-map-encoding: 01000000000000000000000000000000 -> 02000000000000000000000000000000
========================================================================
Received Prepare
Shader 'LightingEffects/Car/Specular_Cubemap_Color': fallback shader 'MobileSpecular' not found
Refreshing native plugins compatible for Editor in 20.02 ms, found 2 plugins.
Preloading 0 native plugins for Editor in 0.00 ms.
Unloading 25 Unused Serialized files (Serialized files now loaded: 0)
System memory in use before: 70.8 MB.
System memory in use after: 70.7 MB.

Unloading 25 unused Assets to reduce memory usage. Loaded Objects now: 2217.
Total: 1583.390600 ms (FindLiveObjects: 0.439400 ms CreateObjectMapping: 0.133200 ms MarkObjects: 1582.194400 ms  DeleteObjects: 0.621300 ms)

AssetImportWorkerClient::OnTransportError - code=2 error=End of file
